This is pdfTeX, Version 3.14159265-2.6-1.40.17 (TeX Live 2016) (preloaded format=latex 2016.5.22)  9 MAR 2019 15:39
entering extended mode
 restricted \write18 enabled.
 file:line:error style messages enabled.
 %&-line parsing enabled.
**paper.tex
(./paper.tex
LaTeX2e <2016/03/31>
Babel <3.9r> and hyphenation patterns for 83 language(s) loaded.
(./usetex-v1-tight.cls
Document Class: usetex-v1-tight 2002/10/31 v1.2 usetex Usenix article class
(/usr/local/texlive/2016/texmf-dist/tex/latex/base/article.cls
Document Class: article 2014/09/29 v1.4h Standard LaTeX document class
(/usr/local/texlive/2016/texmf-dist/tex/latex/base/size10.clo
File: size10.clo 2014/09/29 v1.4h Standard LaTeX file (size option)
)
\c@part=\count79
\c@section=\count80
\c@subsection=\count81
\c@subsubsection=\count82
\c@paragraph=\count83
\c@subparagraph=\count84
\c@figure=\count85
\c@table=\count86
\abovecaptionskip=\skip41
\belowcaptionskip=\skip42
\bibindent=\dimen102
) (/usr/local/texlive/2016/texmf-dist/tex/latex/graphics/color.sty
Package: color 2016/05/09 v1.1c Standard LaTeX Color (DPC)
 (/usr/local/texlive/2016/texmf-dist/tex/latex/graphics-cfg/color.cfg
File: color.cfg 2016/01/02 v1.6 sample color configuration
)
Package color Info: Driver file: dvips.def on input line 144.
 (/usr/local/texlive/2016/texmf-dist/tex/latex/graphics/dvips.def
File: dvips.def 2015/12/30 v3.0k Driver-dependent file (DPC,SPQR)
) (/usr/local/texlive/2016/texmf-dist/tex/latex/graphics/dvipsnam.def
File: dvipsnam.def 2015/12/30 v3.0k Driver-dependent file (DPC,SPQR)
))
\@discard=\box26
 (/usr/local/texlive/2016/texmf-dist/tex/latex/psnfss/times.sty
Package: times 2005/04/12 PSNFSS-v9.2a (SPQR) 
)
\@sectionaboveskip=\skip43
\@sectionbelowskip=\skip44
\@subsectionaboveskip=\skip45
) (/usr/local/texlive/2016/texmf-dist/tex/latex/xcolor/xcolor.sty
Package: xcolor 2016/05/11 v2.12 LaTeX color extensions (UK)
 (/usr/local/texlive/2016/texmf-dist/tex/latex/graphics-cfg/color.cfg
File: color.cfg 2016/01/02 v1.6 sample color configuration
)
Package xcolor Info: Driver file: dvips.def on input line 225.
LaTeX Info: Redefining \color on input line 709.
Package xcolor Info: Model `cmy' substituted by `cmy0' on input line 1348.
Package xcolor Info: Model `RGB' extended on input line 1364.
Package xcolor Info: Model `HTML' substituted by `rgb' on input line 1366.
Package xcolor Info: Model `Hsb' substituted by `hsb' on input line 1367.
Package xcolor Info: Model `tHsb' substituted by `hsb' on input line 1368.
Package xcolor Info: Model `HSB' substituted by `hsb' on input line 1369.
Package xcolor Info: Model `Gray' substituted by `gray' on input line 1370.
Package xcolor Info: Model `wave' substituted by `hsb' on input line 1371.
) (/usr/local/texlive/2016/texmf-dist/tex/latex/tools/enumerate.sty
Package: enumerate 2015/07/23 v3.00 enumerate extensions (DPC)
\@enLab=\toks14
) (/usr/local/texlive/2016/texmf-dist/tex/latex/enumitem/enumitem.sty
Package: enumitem 2011/09/28 v3.5.2 Customized lists
\enitkv@toks@=\toks15
\labelindent=\skip46
\enit@outerparindent=\dimen103
\enit@toks=\toks16
\enit@inbox=\box27
\enitdp@description=\count87
) (/usr/local/texlive/2016/texmf-dist/tex/latex/amsfonts/amssymb.sty
Package: amssymb 2013/01/14 v3.01 AMS font symbols
 (/usr/local/texlive/2016/texmf-dist/tex/latex/amsfonts/amsfonts.sty
Package: amsfonts 2013/01/14 v3.01 Basic AMSFonts support
\@emptytoks=\toks17
\symAMSa=\mathgroup4
\symAMSb=\mathgroup5
LaTeX Font Info:    Overwriting math alphabet `\mathfrak' in version `bold'
(Font)                  U/euf/m/n --> U/euf/b/n on input line 106.
)) (/usr/local/texlive/2016/texmf-dist/tex/latex/graphics/graphicx.sty
Package: graphicx 2014/10/28 v1.0g Enhanced LaTeX Graphics (DPC,SPQR)
 (/usr/local/texlive/2016/texmf-dist/tex/latex/graphics/keyval.sty
Package: keyval 2014/10/28 v1.15 key=value parser (DPC)
\KV@toks@=\toks18
) (/usr/local/texlive/2016/texmf-dist/tex/latex/graphics/graphics.sty
Package: graphics 2016/05/09 v1.0r Standard LaTeX Graphics (DPC,SPQR)
 (/usr/local/texlive/2016/texmf-dist/tex/latex/graphics/trig.sty
Package: trig 2016/01/03 v1.10 sin cos tan (DPC)
) (/usr/local/texlive/2016/texmf-dist/tex/latex/graphics-cfg/graphics.cfg
File: graphics.cfg 2016/01/02 v1.10 sample graphics configuration
)
Package graphics Info: Driver file: dvips.def on input line 96.
)
\Gin@req@height=\dimen104
\Gin@req@width=\dimen105
) (/usr/local/texlive/2016/texmf-dist/tex/latex/subfigure/subfigure.sty
Package: subfigure 2002/03/15 v2.1.5 subfigure package
\subfigtopskip=\skip47
\subfigcapskip=\skip48
\subfigcaptopadj=\dimen106
\subfigbottomskip=\skip49
\subfigcapmargin=\dimen107
\subfiglabelskip=\skip50
\c@subfigure=\count88
\c@lofdepth=\count89
\c@subtable=\count90
\c@lotdepth=\count91

****************************************
* Local config file subfigure.cfg used *
****************************************
(/usr/local/texlive/2016/texmf-dist/tex/latex/subfigure/subfigure.cfg)
\subfig@top=\skip51
\subfig@bottom=\skip52
) (/usr/local/texlive/2016/texmf-dist/tex/latex/url/url.sty
\Urlmuskip=\muskip10
Package: url 2013/09/16  ver 3.4  Verb mode for urls, etc.
) (/usr/local/texlive/2016/texmf-dist/tex/latex/tools/xspace.sty
Package: xspace 2014/10/28 v1.13 Space after command names (DPC,MH)
) (/usr/local/texlive/2016/texmf-dist/tex/latex/hyperref/hyperref.sty
Package: hyperref 2016/05/05 v6.83n Hypertext links for LaTeX
 (/usr/local/texlive/2016/texmf-dist/tex/generic/oberdiek/hobsub-hyperref.sty
Package: hobsub-hyperref 2016/05/16 v1.14 Bundle oberdiek, subset hyperref (HO)
 (/usr/local/texlive/2016/texmf-dist/tex/generic/oberdiek/hobsub-generic.sty
Package: hobsub-generic 2016/05/16 v1.14 Bundle oberdiek, subset generic (HO)
Package: hobsub 2016/05/16 v1.14 Construct package bundles (HO)
Package: infwarerr 2016/05/16 v1.4 Providing info/warning/error messages (HO)
Package: ltxcmds 2016/05/16 v1.23 LaTeX kernel commands for general use (HO)
Package: ifluatex 2016/05/16 v1.4 Provides the ifluatex switch (HO)
Package ifluatex Info: LuaTeX not detected.
Package: ifvtex 2016/05/16 v1.6 Detect VTeX and its facilities (HO)
Package ifvtex Info: VTeX not detected.
Package: intcalc 2016/05/16 v1.2 Expandable calculations with integers (HO)
Package: ifpdf 2016/05/14 v3.1 Provides the ifpdf switch
Package: etexcmds 2016/05/16 v1.6 Avoid name clashes with e-TeX commands (HO)
Package etexcmds Info: Could not find \expanded.
(etexcmds)             That can mean that you are not using pdfTeX 1.50 or
(etexcmds)             that some package has redefined \expanded.
(etexcmds)             In the latter case, load this package earlier.
Package: kvsetkeys 2016/05/16 v1.17 Key value parser (HO)
Package: kvdefinekeys 2016/05/16 v1.4 Define keys (HO)
Package: pdftexcmds 2016/05/10 v0.21 Utility functions of pdfTeX for LuaTeX (HO)
Package pdftexcmds Info: LuaTeX not detected.
Package pdftexcmds Info: \pdf@primitive is available.
Package pdftexcmds Info: \pdf@ifprimitive is available.
Package pdftexcmds Info: \pdfdraftmode is ignored in DVI mode.
Package: pdfescape 2016/05/16 v1.14 Implements pdfTeX's escape features (HO)
Package: bigintcalc 2016/05/16 v1.4 Expandable calculations on big integers (HO)
Package: bitset 2016/05/16 v1.2 Handle bit-vector datatype (HO)
Package: uniquecounter 2016/05/16 v1.3 Provide unlimited unique counter (HO)
)
Package hobsub Info: Skipping package `hobsub' (already loaded).
Package: letltxmacro 2016/05/16 v1.5 Let assignment for LaTeX macros (HO)
Package: hopatch 2016/05/16 v1.3 Wrapper for package hooks (HO)
Package: xcolor-patch 2016/05/16 xcolor patch
Package: atveryend 2016/05/16 v1.9 Hooks at the very end of document (HO)
Package atveryend Info: \enddocument detected (standard20110627).
Package: atbegshi 2016/05/16 v1.17 At begin shipout hook (HO)
Package: refcount 2016/05/16 v3.5 Data extraction from label references (HO)
Package: hycolor 2016/05/16 v1.8 Color options for hyperref/bookmark (HO)
) (/usr/local/texlive/2016/texmf-dist/tex/generic/ifxetex/ifxetex.sty
Package: ifxetex 2010/09/12 v0.6 Provides ifxetex conditional
) (/usr/local/texlive/2016/texmf-dist/tex/latex/oberdiek/auxhook.sty
Package: auxhook 2016/05/16 v1.4 Hooks for auxiliary files (HO)
) (/usr/local/texlive/2016/texmf-dist/tex/latex/oberdiek/kvoptions.sty
Package: kvoptions 2016/05/16 v3.12 Key value format for package options (HO)
)
\@linkdim=\dimen108
\Hy@linkcounter=\count92
\Hy@pagecounter=\count93
 (/usr/local/texlive/2016/texmf-dist/tex/latex/hyperref/pd1enc.def
File: pd1enc.def 2016/05/05 v6.83n Hyperref: PDFDocEncoding definition (HO)
)
\Hy@SavedSpaceFactor=\count94
 (/usr/local/texlive/2016/texmf-dist/tex/latex/latexconfig/hyperref.cfg
File: hyperref.cfg 2002/06/06 v1.2 hyperref configuration of TeXLive
)
Package hyperref Info: Option `hyperfootnotes' set `false' on input line 4322.
Package hyperref Info: Option `breaklinks' set `true' on input line 4322.
Package hyperref Info: Hyper figures OFF on input line 4446.
Package hyperref Info: Link nesting OFF on input line 4451.
Package hyperref Info: Hyper index ON on input line 4454.
Package hyperref Info: Plain pages OFF on input line 4461.
Package hyperref Info: Backreferencing OFF on input line 4466.
Package hyperref Info: Implicit mode ON; LaTeX internals redefined.
Package hyperref Info: Bookmarks ON on input line 4691.
\c@Hy@tempcnt=\count95
LaTeX Info: Redefining \url on input line 5044.
\XeTeXLinkMargin=\dimen109
\Fld@menulength=\count96
\Field@Width=\dimen110
\Fld@charsize=\dimen111
Package hyperref Info: Hyper figures OFF on input line 6298.
Package hyperref Info: Link nesting OFF on input line 6303.
Package hyperref Info: Hyper index ON on input line 6306.
Package hyperref Info: backreferencing OFF on input line 6313.
Package hyperref Info: Link coloring OFF on input line 6318.
Package hyperref Info: Link coloring with OCG OFF on input line 6323.
Package hyperref Info: PDF/A mode OFF on input line 6328.
LaTeX Info: Redefining \ref on input line 6368.
LaTeX Info: Redefining \pageref on input line 6372.
\Hy@abspage=\count97
\c@Item=\count98
)

Package hyperref Message: Driver (default): hdvips.

(/usr/local/texlive/2016/texmf-dist/tex/latex/hyperref/hdvips.def
File: hdvips.def 2016/05/05 v6.83n Hyperref driver for dvips
 (/usr/local/texlive/2016/texmf-dist/tex/latex/hyperref/pdfmark.def
File: pdfmark.def 2016/05/05 v6.83n Hyperref definitions for pdfmark specials


Package hyperref Warning: You have enabled option `breaklinks'.
(hyperref)                But driver `hdvips.def' does not suppport this.
(hyperref)                Expect trouble with the link areas of broken links.

\pdf@docset=\toks19
\pdf@box=\box28
\pdf@toks=\toks20
\pdf@defaulttoks=\toks21
\HyField@AnnotCount=\count99
\Fld@listcount=\count100
\c@bookmark@seq@number=\count101
(/usr/local/texlive/2016/texmf-dist/tex/latex/oberdiek/rerunfilecheck.sty
Package: rerunfilecheck 2016/05/16 v1.8 Rerun checks for auxiliary files (HO)
Package uniquecounter Info: New unique counter `rerunfilecheck' on input line 282.
)
\Hy@SectionHShift=\skip53
))
Package hyperref Info: Option `colorlinks' set `true' on input line 39.
 (/usr/local/texlive/2016/texmf-dist/tex/latex/algorithm2e/algorithm2e.sty
Package: algorithm2e 2013/01/06 v5.00 algorithms environments
\c@AlgoLine=\count102
 (/usr/local/texlive/2016/texmf-dist/tex/latex/base/ifthen.sty
Package: ifthen 2014/09/29 v1.1c Standard LaTeX ifthen package (DPC)
)
\algocf@hangindent=\skip54
 (/usr/local/texlive/2016/texmf-dist/tex/latex/relsize/relsize.sty
Package: relsize 2013/03/29 ver 4.1
)
********************************************************
Package `algorithm2e' Release 5.1 -- october 19 2015 --
- algorithm2e-announce@lirmm.fr mailing list for announcement about releases
- algorithm2e-discussion@lirmm.fr mailing list for discussion about package
subscribe by emailing sympa@lirmm.fr with 'subscribe <list> <firstname name>'
- Author: Christophe Fiorio (christophe.fiorio@umontpellier.fr)
********************************************************
\skiptotal=\skip55
\skiplinenumber=\skip56
\skiprule=\skip57
\skiphlne=\skip58
\skiptext=\skip59
\skiplength=\skip60
\algomargin=\skip61
\skipalgocfslide=\skip62
\algowidth=\dimen112
\inoutsize=\dimen113
\inoutindent=\dimen114
\interspacetitleruled=\dimen115
\interspacealgoruled=\dimen116
\interspacetitleboxruled=\dimen117
\algocf@ruledwidth=\skip63
\algocf@inoutbox=\box29
\algocf@inputbox=\box30
\AlCapSkip=\skip64
\AlCapHSkip=\skip65
\algoskipindent=\skip66
\algocf@nlbox=\box31
\algocf@hangingbox=\box32
\algocf@untilbox=\box33
\algocf@skipuntil=\skip67
\algocf@capbox=\box34
\algoheightruledefault=\skip68
\algoheightrule=\skip69
\algotitleheightruledefault=\skip70
\algotitleheightrule=\skip71
\c@algocfline=\count103
\c@algocfproc=\count104
\c@algocf=\count105
\algocf@algoframe=\box35
\algocf@algobox=\box36
) (/usr/local/texlive/2016/texmf-dist/tex/latex/algorithms/algorithmic.sty
Package: algorithmic 2009/08/24 v0.1 Document Style `algorithmic'
\c@ALC@unique=\count106
\c@ALC@line=\count107
\c@ALC@rem=\count108
\c@ALC@depth=\count109
\ALC@tlm=\skip72
\algorithmicindent=\skip73
) (/usr/local/texlive/2016/texmf-dist/tex/latex/cleveref/cleveref.sty
Package: cleveref 2013/12/28 v0.19 Intelligent cross-referencing
Package cleveref Info: `hyperref' support loaded on input line 2230.
LaTeX Info: Redefining \cref on input line 2230.
LaTeX Info: Redefining \Cref on input line 2230.
LaTeX Info: Redefining \crefrange on input line 2230.
LaTeX Info: Redefining \Crefrange on input line 2230.
LaTeX Info: Redefining \cpageref on input line 2230.
LaTeX Info: Redefining \Cpageref on input line 2230.
LaTeX Info: Redefining \cpagerefrange on input line 2230.
LaTeX Info: Redefining \Cpagerefrange on input line 2230.
LaTeX Info: Redefining \labelcref on input line 2230.
LaTeX Info: Redefining \labelcpageref on input line 2230.
Package cleveref Info: `algorithm2e' support loaded on input line 2966.
)
\gapspace=\skip74
 (/Users/hadeel/docker-remetrics/hotstorage19/.texpadtmp/paper.aux

LaTeX Warning: Label `sec:background' multiply defined.


LaTeX Warning: Label `sec:background@cref' multiply defined.


LaTeX Warning: Label `fig:ref_count' multiply defined.


LaTeX Warning: Label `fig:ref_count@cref' multiply defined.

)
\openout1 = `paper.aux'.

LaTeX Font Info:    Checking defaults for OML/cmm/m/it on input line 75.
LaTeX Font Info:    ... okay on input line 75.
LaTeX Font Info:    Checking defaults for T1/cmr/m/n on input line 75.
LaTeX Font Info:    ... okay on input line 75.
LaTeX Font Info:    Checking defaults for OT1/cmr/m/n on input line 75.
LaTeX Font Info:    ... okay on input line 75.
LaTeX Font Info:    Checking defaults for OMS/cmsy/m/n on input line 75.
LaTeX Font Info:    ... okay on input line 75.
LaTeX Font Info:    Checking defaults for OMX/cmex/m/n on input line 75.
LaTeX Font Info:    ... okay on input line 75.
LaTeX Font Info:    Checking defaults for U/cmr/m/n on input line 75.
LaTeX Font Info:    ... okay on input line 75.
LaTeX Font Info:    Checking defaults for PD1/pdf/m/n on input line 75.
LaTeX Font Info:    ... okay on input line 75.
LaTeX Font Info:    Try loading font information for OT1+ptm on input line 75.
 (/usr/local/texlive/2016/texmf-dist/tex/latex/psnfss/ot1ptm.fd
File: ot1ptm.fd 2001/06/04 font definitions for OT1/ptm.
)
\AtBeginShipoutBox=\box37
Package hyperref Info: Link coloring ON on input line 75.
 (/usr/local/texlive/2016/texmf-dist/tex/latex/hyperref/nameref.sty
Package: nameref 2012/10/27 v2.43 Cross-referencing by name of section
 (/usr/local/texlive/2016/texmf-dist/tex/generic/oberdiek/gettitlestring.sty
Package: gettitlestring 2016/05/16 v1.5 Cleanup title references (HO)
)
\c@section@level=\count110
)
LaTeX Info: Redefining \ref on input line 75.
LaTeX Info: Redefining \pageref on input line 75.
LaTeX Info: Redefining \nameref on input line 75.
 (/Users/hadeel/docker-remetrics/hotstorage19/.texpadtmp/paper.out) (/Users/hadeel/docker-remetrics/hotstorage19/.texpadtmp/paper.out)
\@outlinefile=\write3
\openout3 = `paper.out'.

LaTeX Font Info:    Font shape `OT1/ptm/bx/n' in size <14.4> not available
(Font)              Font shape `OT1/ptm/b/n' tried instead on input line 106.
LaTeX Font Info:    Try loading font information for U+msa on input line 106.
 (/usr/local/texlive/2016/texmf-dist/tex/latex/amsfonts/umsa.fd
File: umsa.fd 2013/01/14 v3.01 AMS symbols A
)
LaTeX Font Info:    Try loading font information for U+msb on input line 106.
 (/usr/local/texlive/2016/texmf-dist/tex/latex/amsfonts/umsb.fd
File: umsb.fd 2013/01/14 v3.01 AMS symbols B
) (./abstract.tex
LaTeX Font Info:    Font shape `OT1/ptm/bx/n' in size <12> not available
(Font)              Font shape `OT1/ptm/b/n' tried instead on input line 1.
) (./intro.tex (./fig-nodedupvsdedup.tex

./fig-nodedupvsdedup.tex:5: LaTeX Error: Cannot determine size of graphic in graphs/nodedup.png (no BoundingBox).

See the LaTeX manual or LaTeX Companion for explanation.
Type  H <return>  for immediate help.
 ...                                              
                                                  
l.5 ...hics[width=1\textwidth]{graphs/nodedup.png}
                                                  
Try typing  <return>  to proceed.
If that doesn't work, type  X <return>  to quit.

File: graphs/nodedup.png Graphic file (type eps)
<graphs/nodedup.png>

./fig-nodedupvsdedup.tex:11: LaTeX Error: Cannot determine size of graphic in graphs/dedup.png (no BoundingBox).

See the LaTeX manual or LaTeX Companion for explanation.
Type  H <return>  for immediate help.
 ...                                              
                                                  
l.11 ...phics[width=1\textwidth]{graphs/dedup.png}
                                                  
Try typing  <return>  to proceed.
If that doesn't work, type  X <return>  to quit.

File: graphs/dedup.png Graphic file (type eps)
<graphs/dedup.png>)) (./background.tex
LaTeX Font Info:    Font shape `OT1/ptm/bx/n' in size <10> not available
(Font)              Font shape `OT1/ptm/b/n' tried instead on input line 4.

Underfull \vbox (badness 10000) has occurred while \output is active []

 [1


]

LaTeX Warning: Citation `storreduce_purestorage' on page 2 undefined on input line 13.

(./fig-docker-architecture.tex

./fig-docker-architecture.tex:4: LaTeX Error: File `graphs/fig-docker-architecture-v3' not found.

See the LaTeX manual or LaTeX Companion for explanation.
Type  H <return>  for immediate help.
 ...                                              
                                                  
l.4 ...xtwidth]{graphs/fig-docker-architecture-v3}
                                                  
I could not locate the file with any of these extensions:
.eps,.ps,.eps.gz,.ps.gz,.eps.Z,.mps
Try typing  <return>  to proceed.
If that doesn't work, type  X <return>  to quit.

)
LaTeX Font Info:    Try loading font information for OT1+pcr on input line 38.
 (/usr/local/texlive/2016/texmf-dist/tex/latex/psnfss/ot1pcr.fd
File: ot1pcr.fd 2001/06/04 font definitions for OT1/pcr.
)
Underfull \hbox (badness 3049) in paragraph at lines 45--49
[]\OT1/ptm/m/n/10 Docker Hub is one of the most pop-u-lar pub-
 []


Underfull \hbox (badness 4254) in paragraph at lines 45--49
\OT1/ptm/m/n/10 lic reg-istries, sup-port-ing both pub-lic and pri-vate
 []


Underfull \hbox (badness 3219) in paragraph at lines 45--49
\OT1/ptm/m/n/10 repos-i-to-ries, via which users can up-load, search,
 []


Underfull \hbox (badness 2426) in paragraph at lines 45--49
\OT1/ptm/m/n/10 and down-load im-ages [[]]. In Docker Hub, the
 []

[2]

LaTeX Warning: Citation `?' on page 3 undefined on input line 90.


LaTeX Warning: Citation `?' on page 3 undefined on input line 90.


LaTeX Warning: Citation `?' on page 3 undefined on input line 90.


LaTeX Warning: Citation `?' on page 3 undefined on input line 90.


LaTeX Warning: Citation `?' on page 3 undefined on input line 90.


Underfull \hbox (badness 2418) in paragraph at lines 94--94
[]\OT1/ptm/b/n/12 Apply tra-di-tional dedu-pli-ca-tion ap-
 []

) (./observation.tex (./fig-file-repeat-cnt.tex

./fig-file-repeat-cnt.tex:16: LaTeX Error: Cannot determine size of graphic in graphs/File_repeat_count-eps.pdf (no BoundingBox).

See the LaTeX manual or LaTeX Companion for explanation.
Type  H <return>  for immediate help.
 ...                                              
                                                  
l.16 ...xtwidth]{graphs/File_repeat_count-eps.pdf}
                                                  
Try typing  <return>  to proceed.
If that doesn't work, type  X <return>  to quit.

File: graphs/File_repeat_count-eps.pdf Graphic file (type eps)
<graphs/File_repeat_count-eps.pdf>

./fig-file-repeat-cnt.tex:25: LaTeX Error: File `graphs/dedup-ratio-grow' not found.

See the LaTeX manual or LaTeX Companion for explanation.
Type  H <return>  for immediate help.
 ...                                              
                                                  
l.25 ...idth=1\textwidth]{graphs/dedup-ratio-grow}
                                                  
I could not locate the file with any of these extensions:
.eps,.ps,.eps.gz,.ps.gz,.eps.Z,.mps
Try typing  <return>  to proceed.
If that doesn't work, type  X <return>  to quit.

)) (./observation-traces.tex [3] (./fig-skewness-reusetime.tex
File: graphs/skewness_cdf.eps Graphic file (type eps)
 <graphs/skewness_cdf.eps>
File: graphs/reuse_time.eps Graphic file (type eps)
 <graphs/reuse_time.eps>)) (./dedup_analysis.tex (./methodology.tex) (./dedup_ratio.tex [4] (./fig-layer-size-compress-cdf.tex

./fig-layer-size-compress-cdf.tex:5: LaTeX Error: Cannot determine size of graphic in graphs/shared-cnt-cdf.pdf (no BoundingBox).

See the LaTeX manual or LaTeX Companion for explanation.
Type  H <return>  for immediate help.
 ...                                              
                                                  
l.5 ...dth=1\textwidth]{graphs/shared-cnt-cdf.pdf}
                                                  
Try typing  <return>  to proceed.
If that doesn't work, type  X <return>  to quit.

File: graphs/shared-cnt-cdf.pdf Graphic file (type eps)
<graphs/shared-cnt-cdf.pdf>

./fig-layer-size-compress-cdf.tex:11: LaTeX Error: Cannot determine size of graphic in graphs/layer-size-cdf.pdf (no BoundingBox).

See the LaTeX manual or LaTeX Companion for explanation.
Type  H <return>  for immediate help.
 ...                                              
                                                  
l.11 ...th=1\textwidth]{graphs/layer-size-cdf.pdf}
                                                  
Try typing  <return>  to proceed.
If that doesn't work, type  X <return>  to quit.

File: graphs/layer-size-cdf.pdf Graphic file (type eps)
<graphs/layer-size-cdf.pdf>)
Underfull \hbox (badness 6047) in paragraph at lines 127--133
\OT1/ptm/m/n/10 re-peat 3,338,145 -- 11,847,356 times. Specif-i-
 []


Underfull \hbox (badness 1231) in paragraph at lines 127--133
\OT1/ptm/m/n/10 cally, two files \OT1/pcr/m/n/10 libkrb5-3:amd64.postrm \OT1/ptm/m/n/10 and
 []


Underfull \hbox (badness 3396) in paragraph at lines 127--133
\OT1/pcr/m/n/10 libkrb5-3:amd64.postinst \OT1/ptm/m/n/10 are two Ker-ber-
 []


Underfull \hbox (badness 7151) in paragraph at lines 127--133
\OT1/ptm/m/n/10 os run-time li-braries for \OT1/pcr/m/n/10 dpkg\OT1/ptm/m/n/10 . An-other two
 []


Underfull \hbox (badness 8000) in paragraph at lines 127--133
\OT1/ptm/m/n/10 files are re-lated to the \OT1/pcr/m/n/10 npm \OT1/ptm/m/n/10 pack-age man-ager
 []


Underfull \hbox (badness 3735) in paragraph at lines 127--133
\OT1/ptm/m/n/10 (\OT1/pcr/m/n/10 license \OT1/ptm/m/n/10 and \OT1/pcr/m/n/10 .npmignore\OT1/ptm/m/n/10 ) and the last file,
 []

) (./dedup_types.tex (./fig-dedup-overall.tex

./fig-dedup-overall.tex:3: LaTeX Error: File `graphs/dedup-overall' not found.

See the LaTeX manual or LaTeX Companion for explanation.
Type  H <return>  for immediate help.
 ...                                              
                                                  
l.3 ...[width=0.4\textwidth]{graphs/dedup-overall}
                                                  
I could not locate the file with any of these extensions:
.eps,.ps,.eps.gz,.ps.gz,.eps.Z,.mps
Try typing  <return>  to proceed.
If that doesn't work, type  X <return>  to quit.

) [5]
Underfull \hbox (badness 2150) in paragraph at lines 99--137
\OT1/ptm/m/n/10 files oc-cupy over half of the to-tal dataset ca-pac-
 []


Underfull \hbox (badness 1168) in paragraph at lines 99--137
\OT1/ptm/m/n/10 ity (51.4%). We an-a-lyze the top-5 most fre-quent
 []


Underfull \hbox (badness 6625) in paragraph at lines 99--137
\OT1/ptm/m/n/10 which stores news about pack-age changes, has
 []


Underfull \hbox (badness 10000) in paragraph at lines 99--137
\OT1/ptm/m/n/10 521,611 copies and \OT1/pcr/m/n/10 pwunconv.8.gz\OT1/ptm/m/n/10 , which
 []


Underfull \hbox (badness 3525) in paragraph at lines 99--137
\OT1/ptm/m/n/10 is used to cre-ate pass-words has 358,374 copies.
 []

)) (./design-and-eval.tex (./dedup_design.tex
Underfull \hbox (badness 10000) in paragraph at lines 1--1
[]\OT1/ptm/b/n/12 Integrating dedu-pli-ca-tion, caching,
 []

(./fig-sys-overview.tex

./fig-sys-overview.tex:5: LaTeX Error: Cannot determine size of graphic in graphs/sys-architecture.png (no BoundingBox).

See the LaTeX manual or LaTeX Companion for explanation.
Type  H <return>  for immediate help.
 ...                                              
                                                  
l.5 ...0.5\textwidth]{graphs/sys-architecture.png}
                                                  
Try typing  <return>  to proceed.
If that doesn't work, type  X <return>  to quit.

File: graphs/sys-architecture.png Graphic file (type eps)
<graphs/sys-architecture.png>
Overfull \hbox (9.03375pt too wide) in paragraph at lines 5--6
 [][] 
 []

)
LaTeX Font Info:    Font shape `OT1/pcr/bx/n' in size <10> not available
(Font)              Font shape `OT1/pcr/b/n' tried instead on input line 38.
 [6]
Missing character: There is no Â in font ptmr7t!
Missing character: There is no § in font ptmr7t!
Missing character: There is no Â in font ptmr7t!
Missing character: There is no § in font ptmr7t!
) (./dedup_operations.tex
Missing character: There is no Â in font ptmr7t!
Missing character: There is no § in font ptmr7t!
 [7]

LaTeX Warning: Citation `gfs' on page 8 undefined on input line 129.


LaTeX Warning: Citation `s3' on page 8 undefined on input line 129.


LaTeX Warning: Citation `swift' on page 8 undefined on input line 129.

) (./dedup_algori.tex (./cache_algori.tex)

LaTeX Warning: Reference `xxx' on page 8 undefined on input line 7.

Missing character: There is no Â in font ptmr7t!
Missing character: There is no § in font ptmr7t!

Underfull \vbox (badness 5847) has occurred while \output is active []


Underfull \hbox (badness 4291) in paragraph at lines 16--25
[]\OT1/ptm/m/n/10 Free space in the layer buffer is too low if
 []

)) (./dedup_simulation_performance.tex (./fig_dedup_res.tex

./fig_dedup_res.tex:3: LaTeX Error: Cannot determine size of graphic in graphs/res-time.pdf (no BoundingBox).

See the LaTeX manual or LaTeX Companion for explanation.
Type  H <return>  for immediate help.
 ...                                              
                                                  
l.3 ...[width=0.48\textwidth]{graphs/res-time.pdf}
                                                  
Try typing  <return>  to proceed.
If that doesn't work, type  X <return>  to quit.

File: graphs/res-time.pdf Graphic file (type eps)
<graphs/res-time.pdf>) [8]
Underfull \hbox (badness 1997) in paragraph at lines 116--133
\OT1/pcr/m/n/10 push \OT1/ptm/m/n/10 re-quests be-cause dedu-pli-ca-tion is per-formed
 []

) (./dedup_suggestions.tex) (./relatedwork.tex
Underfull \vbox (badness 7888) has occurred while \output is active []

 [9]) (./conclusion.tex) (/Users/hadeel/docker-remetrics/hotstorage19/.texpadtmp/paper.bbl
Underfull \hbox (badness 10000) in paragraph at lines 4--6
[]\OT1/ptm/m/n/8 Android Na-tive De-vel-op-ment Kit (NDK).
 []


Overfull \hbox (69.01888pt too wide) in paragraph at lines 20--22
[]\OT1/ptm/m/n/8 Dockerfile.  [][][]$\OT1/pcr/m/n/8 https : / / docs . docker . com / engine / reference / builder/$[][][][]\OT1/ptm/m/n/8 . 
 []


Underfull \hbox (badness 10000) in paragraph at lines 24--26
[]\OT1/ptm/m/n/8 Extremely Fast Com-pres-sion al-go-rithm.
 []


Overfull \hbox (28.2628pt too wide) in paragraph at lines 32--34
[]\OT1/ptm/m/n/8 go-ethereum.  [][][]$\OT1/pcr/m/n/8 https : / / github . com / ethereum / go-[]ethereum$[][][][]\OT1/ptm/m/n/8 . 
 []


Underfull \hbox (badness 10000) in paragraph at lines 36--38
[]\OT1/ptm/m/n/8 Google cloud stor-age pric-ing.
 []


Overfull \hbox (65.59123pt too wide) in paragraph at lines 36--38
[][][]$\OT1/pcr/m/n/8 https : / / cloud . google . com / storage / pricing # storage-[]pricing$[][][][]\OT1/ptm/m/n/8 . 
 []


Overfull \hbox (9.11473pt too wide) in paragraph at lines 40--42
[]\OT1/ptm/m/n/8 Google test.  [][][]$\OT1/pcr/m/n/8 https : / / github . com / google / googletest$[][][][]\OT1/ptm/m/n/8 . 
 []


Overfull \hbox (97.3265pt too wide) in paragraph at lines 44--46
[]\OT1/ptm/m/n/8 Google's con-tainer reg-istry.  [][][]$\OT1/pcr/m/n/8 https : / / cloud . google . com / container-[]registry/$[][][][]\OT1/ptm/m/n/8 . 
 []


Overfull \hbox (73.10709pt too wide) in paragraph at lines 48--50
[]\OT1/ptm/m/n/8 hdfs.  [][][]$\OT1/pcr/m/n/8 https : / / hadoop . apache . org / docs / r1 . 2 . 1 / hdfs _ design . html$[][][][]\OT1/ptm/m/n/8 . 
 []


Overfull \hbox (22.5908pt too wide) in paragraph at lines 56--58
[]\OT1/ptm/m/n/8 python-magic.  [][][]$\OT1/pcr/m/n/8 https : / / github . com / ahupp / python-[]magic$[][][][]\OT1/ptm/m/n/8 . 
 []


Underfull \hbox (badness 10000) in paragraph at lines 72--75
[]\OT1/ptm/m/n/8 Using StorRe-duce for cloud-based data dedu-pli-ca-tion.
 []


Overfull \hbox (152.49129pt too wide) in paragraph at lines 72--75
[][][]$\OT1/pcr/m/n/8 https : / / cloud . google . com / solutions / partners / storreduce-[]cloud-[]deduplication$[][][][]\OT1/ptm/m/n/8 . 
 []


Overfull \hbox (109.41869pt too wide) in paragraph at lines 77--79
[]\OT1/ptm/m/n/8 xnu-chroot-environment.  [][][]$\OT1/pcr/m/n/8 https : / / github . com / winocm / xnu-[]chroot-[]environment$[][][][]\OT1/ptm/m/n/8 . 
 []

[10])
Package atveryend Info: Empty hook `BeforeClearDocument' on input line 254.
 [11

]
Package atveryend Info: Empty hook `AfterLastShipout' on input line 254.
 (/Users/hadeel/docker-remetrics/hotstorage19/.texpadtmp/paper.aux)
Package atveryend Info: Empty hook `AtVeryEndDocument' on input line 254.
Package atveryend Info: Executing hook `AtEndAfterFileList' on input line 254.
Package rerunfilecheck Info: File `paper.out' has not changed.
(rerunfilecheck)             Checksum: 3DC5228D01A415551647DB1AE46B8585;1629.


LaTeX Warning: There were undefined references.


LaTeX Warning: There were multiply-defined labels.

Package atveryend Info: Empty hook `AtVeryVeryEnd' on input line 254.
 )
(\end occurred inside a group at level 1)

### simple group (level 1) entered at line 1061 ({)
### bottom level 
Here is how much of TeX's memory you used:
 8911 strings out of 493015
 143822 string characters out of 6133377
 270756 words of memory out of 5000000
 12270 multiletter control sequences out of 15000+600000
 17521 words of font info for 56 fonts, out of 8000000 for 9000
 1141 hyphenation exceptions out of 8191
 30i,19n,35p,2426b,2603s stack positions out of 5000i,500n,10000p,200000b,80000s

Output written on /Users/hadeel/docker-remetrics/hotstorage19/.texpadtmp/paper.dvi (11 pages, 125000 bytes).
