This is pdfTeX, Version 3.14159265-2.6-1.40.19 (TeX Live 2018) (preloaded format=pdflatex 2018.4.16)  1 MAR 2019 23:57
entering extended mode
 restricted \write18 enabled.
 %&-line parsing enabled.
**bare_conf.tex
(./bare_conf.tex
LaTeX2e <2018-04-01> patch level 2
Babel <3.18> and hyphenation patterns for 84 language(s) loaded.
(./IEEEtran.cls
Document Class: IEEEtran 2007/03/05 V1.7a by Michael Shell
-- See the "IEEEtran_HOWTO" manual for usage information.
-- http://www.michaelshell.org/tex/ieeetran/
\@IEEEtrantmpdimenA=\dimen102
\@IEEEtrantmpdimenB=\dimen103
\@IEEEtrantmpcountA=\count80
\@IEEEtrantmpcountB=\count81
\@IEEEtrantmptoksA=\toks14
LaTeX Font Info:    Try loading font information for OT1+ptm on input line 373.

(/usr/local/texlive/2018/texmf-dist/tex/latex/psnfss/ot1ptm.fd
File: ot1ptm.fd 2001/06/04 font definitions for OT1/ptm.
)
-- Using 8.5in x 11in (letter) paper.
-- Using PDF output.
\@IEEEnormalsizeunitybaselineskip=\dimen104
-- This is a 10 point document.
\CLASSINFOnormalsizebaselineskip=\dimen105
\CLASSINFOnormalsizeunitybaselineskip=\dimen106
\IEEEnormaljot=\dimen107
LaTeX Font Info:    Font shape `OT1/ptm/bx/n' in size <5> not available
(Font)              Font shape `OT1/ptm/b/n' tried instead on input line 731.
LaTeX Font Info:    Font shape `OT1/ptm/bx/it' in size <5> not available
(Font)              Font shape `OT1/ptm/b/it' tried instead on input line 731.
LaTeX Font Info:    Font shape `OT1/ptm/bx/n' in size <7> not available
(Font)              Font shape `OT1/ptm/b/n' tried instead on input line 731.
LaTeX Font Info:    Font shape `OT1/ptm/bx/it' in size <7> not available
(Font)              Font shape `OT1/ptm/b/it' tried instead on input line 731.
LaTeX Font Info:    Font shape `OT1/ptm/bx/n' in size <8> not available
(Font)              Font shape `OT1/ptm/b/n' tried instead on input line 731.
LaTeX Font Info:    Font shape `OT1/ptm/bx/it' in size <8> not available
(Font)              Font shape `OT1/ptm/b/it' tried instead on input line 731.
LaTeX Font Info:    Font shape `OT1/ptm/bx/n' in size <9> not available
(Font)              Font shape `OT1/ptm/b/n' tried instead on input line 731.
LaTeX Font Info:    Font shape `OT1/ptm/bx/it' in size <9> not available
(Font)              Font shape `OT1/ptm/b/it' tried instead on input line 731.
LaTeX Font Info:    Font shape `OT1/ptm/bx/n' in size <10> not available
(Font)              Font shape `OT1/ptm/b/n' tried instead on input line 731.
LaTeX Font Info:    Font shape `OT1/ptm/bx/it' in size <10> not available
(Font)              Font shape `OT1/ptm/b/it' tried instead on input line 731.
LaTeX Font Info:    Font shape `OT1/ptm/bx/n' in size <11> not available
(Font)              Font shape `OT1/ptm/b/n' tried instead on input line 731.
LaTeX Font Info:    Font shape `OT1/ptm/bx/it' in size <11> not available
(Font)              Font shape `OT1/ptm/b/it' tried instead on input line 731.
LaTeX Font Info:    Font shape `OT1/ptm/bx/n' in size <12> not available
(Font)              Font shape `OT1/ptm/b/n' tried instead on input line 731.
LaTeX Font Info:    Font shape `OT1/ptm/bx/it' in size <12> not available
(Font)              Font shape `OT1/ptm/b/it' tried instead on input line 731.
LaTeX Font Info:    Font shape `OT1/ptm/bx/n' in size <17> not available
(Font)              Font shape `OT1/ptm/b/n' tried instead on input line 731.
LaTeX Font Info:    Font shape `OT1/ptm/bx/it' in size <17> not available
(Font)              Font shape `OT1/ptm/b/it' tried instead on input line 731.
LaTeX Font Info:    Font shape `OT1/ptm/bx/n' in size <20> not available
(Font)              Font shape `OT1/ptm/b/n' tried instead on input line 731.
LaTeX Font Info:    Font shape `OT1/ptm/bx/it' in size <20> not available
(Font)              Font shape `OT1/ptm/b/it' tried instead on input line 731.
LaTeX Font Info:    Font shape `OT1/ptm/bx/n' in size <24> not available
(Font)              Font shape `OT1/ptm/b/n' tried instead on input line 731.
LaTeX Font Info:    Font shape `OT1/ptm/bx/it' in size <24> not available
(Font)              Font shape `OT1/ptm/b/it' tried instead on input line 731.
\IEEEilabelindentA=\dimen108
\IEEEilabelindentB=\dimen109
\IEEEilabelindent=\dimen110
\IEEEelabelindent=\dimen111
\IEEEdlabelindent=\dimen112
\IEEElabelindent=\dimen113
\IEEEiednormlabelsep=\dimen114
\IEEEiedmathlabelsep=\dimen115
\IEEEiedtopsep=\skip41
\c@section=\count82
\c@subsection=\count83
\c@subsubsection=\count84
\c@paragraph=\count85
\c@IEEEsubequation=\count86
\abovecaptionskip=\skip42
\belowcaptionskip=\skip43
\c@figure=\count87
\c@table=\count88
\@IEEEeqnnumcols=\count89
\@IEEEeqncolcnt=\count90
\@IEEEtmpitemindent=\dimen116
\c@IEEEbiography=\count91
\@IEEEtranrubishbin=\box26
) (/usr/local/texlive/2018/texmf-dist/tex/latex/xcolor/xcolor.sty
Package: xcolor 2016/05/11 v2.12 LaTeX color extensions (UK)

(/usr/local/texlive/2018/texmf-dist/tex/latex/graphics-cfg/color.cfg
File: color.cfg 2016/01/02 v1.6 sample color configuration
)
Package xcolor Info: Driver file: pdftex.def on input line 225.

(/usr/local/texlive/2018/texmf-dist/tex/latex/graphics-def/pdftex.def
File: pdftex.def 2018/01/08 v1.0l Graphics/color driver for pdftex
)
Package xcolor Info: Model `cmy' substituted by `cmy0' on input line 1348.
Package xcolor Info: Model `hsb' substituted by `rgb' on input line 1352.
Package xcolor Info: Model `RGB' extended on input line 1364.
Package xcolor Info: Model `HTML' substituted by `rgb' on input line 1366.
Package xcolor Info: Model `Hsb' substituted by `hsb' on input line 1367.
Package xcolor Info: Model `tHsb' substituted by `hsb' on input line 1368.
Package xcolor Info: Model `HSB' substituted by `hsb' on input line 1369.
Package xcolor Info: Model `Gray' substituted by `gray' on input line 1370.
Package xcolor Info: Model `wave' substituted by `hsb' on input line 1371.
)
(/usr/local/texlive/2018/texmf-dist/tex/latex/tools/enumerate.sty
Package: enumerate 2015/07/23 v3.00 enumerate extensions (DPC)
\@enLab=\toks15
)
(/usr/local/texlive/2018/texmf-dist/tex/latex/amsfonts/amssymb.sty
Package: amssymb 2013/01/14 v3.01 AMS font symbols

(/usr/local/texlive/2018/texmf-dist/tex/latex/amsfonts/amsfonts.sty
Package: amsfonts 2013/01/14 v3.01 Basic AMSFonts support
\@emptytoks=\toks16
\symAMSa=\mathgroup4
\symAMSb=\mathgroup5
LaTeX Font Info:    Overwriting math alphabet `\mathfrak' in version `bold'
(Font)                  U/euf/m/n --> U/euf/b/n on input line 106.
))
(/usr/local/texlive/2018/texmf-dist/tex/latex/graphics/graphicx.sty
Package: graphicx 2017/06/01 v1.1a Enhanced LaTeX Graphics (DPC,SPQR)

(/usr/local/texlive/2018/texmf-dist/tex/latex/graphics/keyval.sty
Package: keyval 2014/10/28 v1.15 key=value parser (DPC)
\KV@toks@=\toks17
)
(/usr/local/texlive/2018/texmf-dist/tex/latex/graphics/graphics.sty
Package: graphics 2017/06/25 v1.2c Standard LaTeX Graphics (DPC,SPQR)

(/usr/local/texlive/2018/texmf-dist/tex/latex/graphics/trig.sty
Package: trig 2016/01/03 v1.10 sin cos tan (DPC)
)
(/usr/local/texlive/2018/texmf-dist/tex/latex/graphics-cfg/graphics.cfg
File: graphics.cfg 2016/06/04 v1.11 sample graphics configuration
)
Package graphics Info: Driver file: pdftex.def on input line 99.
)
\Gin@req@height=\dimen117
\Gin@req@width=\dimen118
)
(/usr/local/texlive/2018/texmf-dist/tex/latex/subfigure/subfigure.sty
Package: subfigure 2002/03/15 v2.1.5 subfigure package
\subfigtopskip=\skip44
\subfigcapskip=\skip45
\subfigcaptopadj=\dimen119
\subfigbottomskip=\skip46
\subfigcapmargin=\dimen120
\subfiglabelskip=\skip47
\c@subfigure=\count92
\c@lofdepth=\count93
\c@subtable=\count94
\c@lotdepth=\count95

****************************************
* Local config file subfigure.cfg used *
****************************************
(/usr/local/texlive/2018/texmf-dist/tex/latex/subfigure/subfigure.cfg)
\subfig@top=\skip48
\subfig@bottom=\skip49
)
(/usr/local/texlive/2018/texmf-dist/tex/latex/url/url.sty
\Urlmuskip=\muskip10
Package: url 2013/09/16  ver 3.4  Verb mode for urls, etc.
)
(/usr/local/texlive/2018/texmf-dist/tex/latex/tools/xspace.sty
Package: xspace 2014/10/28 v1.13 Space after command names (DPC,MH)
)
(/usr/local/texlive/2018/texmf-dist/tex/latex/hyperref/hyperref.sty
Package: hyperref 2018/02/06 v6.86b Hypertext links for LaTeX

(/usr/local/texlive/2018/texmf-dist/tex/generic/oberdiek/hobsub-hyperref.sty
Package: hobsub-hyperref 2016/05/16 v1.14 Bundle oberdiek, subset hyperref (HO)


(/usr/local/texlive/2018/texmf-dist/tex/generic/oberdiek/hobsub-generic.sty
Package: hobsub-generic 2016/05/16 v1.14 Bundle oberdiek, subset generic (HO)
Package: hobsub 2016/05/16 v1.14 Construct package bundles (HO)
Package: infwarerr 2016/05/16 v1.4 Providing info/warning/error messages (HO)
Package: ltxcmds 2016/05/16 v1.23 LaTeX kernel commands for general use (HO)
Package: ifluatex 2016/05/16 v1.4 Provides the ifluatex switch (HO)
Package ifluatex Info: LuaTeX not detected.
Package: ifvtex 2016/05/16 v1.6 Detect VTeX and its facilities (HO)
Package ifvtex Info: VTeX not detected.
Package: intcalc 2016/05/16 v1.2 Expandable calculations with integers (HO)
Package: ifpdf 2017/03/15 v3.2 Provides the ifpdf switch
Package: etexcmds 2016/05/16 v1.6 Avoid name clashes with e-TeX commands (HO)
Package etexcmds Info: Could not find \expanded.
(etexcmds)             That can mean that you are not using pdfTeX 1.50 or
(etexcmds)             that some package has redefined \expanded.
(etexcmds)             In the latter case, load this package earlier.
Package: kvsetkeys 2016/05/16 v1.17 Key value parser (HO)
Package: kvdefinekeys 2016/05/16 v1.4 Define keys (HO)
Package: pdftexcmds 2018/01/30 v0.27 Utility functions of pdfTeX for LuaTeX (HO
)
Package pdftexcmds Info: LuaTeX not detected.
Package pdftexcmds Info: \pdf@primitive is available.
Package pdftexcmds Info: \pdf@ifprimitive is available.
Package pdftexcmds Info: \pdfdraftmode found.
Package: pdfescape 2016/05/16 v1.14 Implements pdfTeX's escape features (HO)
Package: bigintcalc 2016/05/16 v1.4 Expandable calculations on big integers (HO
)
Package: bitset 2016/05/16 v1.2 Handle bit-vector datatype (HO)
Package: uniquecounter 2016/05/16 v1.3 Provide unlimited unique counter (HO)
)
Package hobsub Info: Skipping package `hobsub' (already loaded).
Package: letltxmacro 2016/05/16 v1.5 Let assignment for LaTeX macros (HO)
Package: hopatch 2016/05/16 v1.3 Wrapper for package hooks (HO)
Package: xcolor-patch 2016/05/16 xcolor patch
Package: atveryend 2016/05/16 v1.9 Hooks at the very end of document (HO)
Package atveryend Info: \enddocument detected (standard20110627).
Package: atbegshi 2016/06/09 v1.18 At begin shipout hook (HO)
Package: refcount 2016/05/16 v3.5 Data extraction from label references (HO)
Package: hycolor 2016/05/16 v1.8 Color options for hyperref/bookmark (HO)
)
(/usr/local/texlive/2018/texmf-dist/tex/generic/ifxetex/ifxetex.sty
Package: ifxetex 2010/09/12 v0.6 Provides ifxetex conditional
)
(/usr/local/texlive/2018/texmf-dist/tex/latex/oberdiek/auxhook.sty
Package: auxhook 2016/05/16 v1.4 Hooks for auxiliary files (HO)
)
(/usr/local/texlive/2018/texmf-dist/tex/latex/oberdiek/kvoptions.sty
Package: kvoptions 2016/05/16 v3.12 Key value format for package options (HO)
)
\@linkdim=\dimen121
\Hy@linkcounter=\count96
\Hy@pagecounter=\count97

(/usr/local/texlive/2018/texmf-dist/tex/latex/hyperref/pd1enc.def
File: pd1enc.def 2018/02/06 v6.86b Hyperref: PDFDocEncoding definition (HO)
Now handling font encoding PD1 ...
... no UTF-8 mapping file for font encoding PD1
)
\Hy@SavedSpaceFactor=\count98

(/usr/local/texlive/2018/texmf-dist/tex/latex/latexconfig/hyperref.cfg
File: hyperref.cfg 2002/06/06 v1.2 hyperref configuration of TeXLive
)
Package hyperref Info: Option `hyperfootnotes' set `false' on input line 4383.
Package hyperref Info: Option `breaklinks' set `true' on input line 4383.
Package hyperref Info: Hyper figures OFF on input line 4509.
Package hyperref Info: Link nesting OFF on input line 4514.
Package hyperref Info: Hyper index ON on input line 4517.
Package hyperref Info: Plain pages OFF on input line 4524.
Package hyperref Info: Backreferencing OFF on input line 4529.
Package hyperref Info: Implicit mode ON; LaTeX internals redefined.
Package hyperref Info: Bookmarks ON on input line 4762.
\c@Hy@tempcnt=\count99
LaTeX Info: Redefining \url on input line 5115.
\XeTeXLinkMargin=\dimen122
\Fld@menulength=\count100
\Field@Width=\dimen123
\Fld@charsize=\dimen124
Package hyperref Info: Hyper figures OFF on input line 6369.
Package hyperref Info: Link nesting OFF on input line 6374.
Package hyperref Info: Hyper index ON on input line 6377.
Package hyperref Info: backreferencing OFF on input line 6384.
Package hyperref Info: Link coloring OFF on input line 6389.
Package hyperref Info: Link coloring with OCG OFF on input line 6394.
Package hyperref Info: PDF/A mode OFF on input line 6399.
LaTeX Info: Redefining \ref on input line 6439.
LaTeX Info: Redefining \pageref on input line 6443.
\Hy@abspage=\count101
\c@Item=\count102
)
Package hyperref Info: Driver (autodetected): hpdftex.

(/usr/local/texlive/2018/texmf-dist/tex/latex/hyperref/hpdftex.def
File: hpdftex.def 2018/02/06 v6.86b Hyperref driver for pdfTeX
\Fld@listcount=\count103
\c@bookmark@seq@number=\count104

(/usr/local/texlive/2018/texmf-dist/tex/latex/oberdiek/rerunfilecheck.sty
Package: rerunfilecheck 2016/05/16 v1.8 Rerun checks for auxiliary files (HO)
Package uniquecounter Info: New unique counter `rerunfilecheck' on input line 2
82.
)
\Hy@SectionHShift=\skip50
)
Package hyperref Info: Option `colorlinks' set `true' on input line 18.

(./bare_conf.aux)
\openout1 = `bare_conf.aux'.

LaTeX Font Info:    Checking defaults for OML/cmm/m/it on input line 47.
LaTeX Font Info:    ... okay on input line 47.
LaTeX Font Info:    Checking defaults for T1/cmr/m/n on input line 47.
LaTeX Font Info:    ... okay on input line 47.
LaTeX Font Info:    Checking defaults for OT1/cmr/m/n on input line 47.
LaTeX Font Info:    ... okay on input line 47.
LaTeX Font Info:    Checking defaults for OMS/cmsy/m/n on input line 47.
LaTeX Font Info:    ... okay on input line 47.
LaTeX Font Info:    Checking defaults for OMX/cmex/m/n on input line 47.
LaTeX Font Info:    ... okay on input line 47.
LaTeX Font Info:    Checking defaults for U/cmr/m/n on input line 47.
LaTeX Font Info:    ... okay on input line 47.
LaTeX Font Info:    Checking defaults for PD1/pdf/m/n on input line 47.
LaTeX Font Info:    ... okay on input line 47.

(/usr/local/texlive/2018/texmf-dist/tex/context/base/mkii/supp-pdf.mkii
[Loading MPS to PDF converter (version 2006.09.02).]
\scratchcounter=\count105
\scratchdimen=\dimen125
\scratchbox=\box27
\nofMPsegments=\count106
\nofMParguments=\count107
\everyMPshowfont=\toks18
\MPscratchCnt=\count108
\MPscratchDim=\dimen126
\MPnumerator=\count109
\makeMPintoPDFobject=\count110
\everyMPtoPDFconversion=\toks19
) (/usr/local/texlive/2018/texmf-dist/tex/latex/oberdiek/epstopdf-base.sty
Package: epstopdf-base 2016/05/15 v2.6 Base part for package epstopdf

(/usr/local/texlive/2018/texmf-dist/tex/latex/oberdiek/grfext.sty
Package: grfext 2016/05/16 v1.2 Manage graphics extensions (HO)
)
Package epstopdf-base Info: Redefining graphics rule for `.eps' on input line 4
38.
Package grfext Info: Graphics extension search list:
(grfext)             [.pdf,.png,.jpg,.mps,.jpeg,.jbig2,.jb2,.PDF,.PNG,.JPG,.JPE
G,.JBIG2,.JB2,.eps]
(grfext)             \AppendGraphicsExtensions on input line 456.

(/usr/local/texlive/2018/texmf-dist/tex/latex/latexconfig/epstopdf-sys.cfg
File: epstopdf-sys.cfg 2010/07/13 v1.3 Configuration of (r)epstopdf for TeX Liv
e
))
\AtBeginShipoutBox=\box28
Package hyperref Info: Link coloring ON on input line 47.

(/usr/local/texlive/2018/texmf-dist/tex/latex/hyperref/nameref.sty
Package: nameref 2016/05/21 v2.44 Cross-referencing by name of section

(/usr/local/texlive/2018/texmf-dist/tex/generic/oberdiek/gettitlestring.sty
Package: gettitlestring 2016/05/16 v1.5 Cleanup title references (HO)
)
\c@section@level=\count111
)
LaTeX Info: Redefining \ref on input line 47.
LaTeX Info: Redefining \pageref on input line 47.
LaTeX Info: Redefining \nameref on input line 47.

(./bare_conf.out) (./bare_conf.out)
\@outlinefile=\write3
\openout3 = `bare_conf.out'.

LaTeX Font Info:    Font shape `OT1/ptm/bx/n' in size <14> not available
(Font)              Font shape `OT1/ptm/b/n' tried instead on input line 175.


LaTeX Warning: No \author given.


LaTeX Warning: No \author given.

(./abstract.tex
Underfull \hbox (badness 2197) in paragraph at lines 27--29
[]\OT1/ptm/b/it/9 Keywords\OT1/ptm/b/n/9 -Docker; Dedu-pli-ca-tion; Docker reg-
istry; Dis-
 []

) (./intro.tex
LaTeX Font Info:    Try loading font information for U+msa on input line 75.
 (/usr/local/texlive/2018/texmf-dist/tex/latex/amsfonts/umsa.fd
File: umsa.fd 2013/01/14 v3.01 AMS symbols A
)
LaTeX Font Info:    Try loading font information for U+msb on input line 75.

(/usr/local/texlive/2018/texmf-dist/tex/latex/amsfonts/umsb.fd
File: umsb.fd 2013/01/14 v3.01 AMS symbols B
))
(./background.tex (./fig-docker-architecture.tex
<graphs/fig-docker-architecture-v3.pdf, id=63, 2112.89375pt x 1179.40625pt>
File: graphs/fig-docker-architecture-v3.pdf Graphic file (type pdf)
<use graphs/fig-docker-architecture-v3.pdf>
Package pdftex.def Info: graphs/fig-docker-architecture-v3.pdf  used on input l
ine 4.
(pdftex.def)             Requested size: 252.94499pt x 141.18071pt.

Overfull \hbox (9.03374pt too wide) in paragraph at lines 4--14
 [][] 
 []

) [1{/usr/local/texlive/2018/texmf-var/fonts/map/pdftex/updmap/pdftex.map}


]
LaTeX Font Info:    Try loading font information for OT1+pcr on input line 79.

(/usr/local/texlive/2018/texmf-dist/tex/latex/psnfss/ot1pcr.fd
File: ot1pcr.fd 2001/06/04 font definitions for OT1/pcr.
))
(./dedup_analysis.tex (./methodology.tex (./tab-dataset-summary.tex))
(./dedup_ratio.tex [2 <./graphs/fig-docker-architecture-v3.pdf>]
(./fig-layer-size-compress-cdf.tex
<graphs/shared-cnt-cdf.pdf, id=151, 335.20532pt x 204.81117pt>
File: graphs/shared-cnt-cdf.pdf Graphic file (type pdf)
<use graphs/shared-cnt-cdf.pdf>
Package pdftex.def Info: graphs/shared-cnt-cdf.pdf  used on input line 5.
(pdftex.def)             Requested size: 172.00073pt x 105.09297pt.
<graphs/layer-size-cdf.pdf, id=152, 311.92635pt x 204.05836pt>
File: graphs/layer-size-cdf.pdf Graphic file (type pdf)
<use graphs/layer-size-cdf.pdf>
Package pdftex.def Info: graphs/layer-size-cdf.pdf  used on input line 11.
(pdftex.def)             Requested size: 161.8885pt x 105.90544pt.
)
<graphs/file-cnt-cdf.pdf, id=154, 316.95554pt x 206.06787pt>
File: graphs/file-cnt-cdf.pdf Graphic file (type pdf)
<use graphs/file-cnt-cdf.pdf>
Package pdftex.def Info: graphs/file-cnt-cdf.pdf  used on input line 94.
(pdftex.def)             Requested size: 166.94463pt x 108.53625pt.
<graphs/image-size-cdf.pdf, id=155, 338.90013pt x 207.5735pt>
File: graphs/image-size-cdf.pdf Graphic file (type pdf)
<use graphs/image-size-cdf.pdf>
Package pdftex.def Info: graphs/image-size-cdf.pdf  used on input line 100.
(pdftex.def)             Requested size: 166.94463pt x 102.25351pt.
 (./fig-file-repeat-cnt.tex
<graphs/File_repeat_count-eps.pdf, id=158, 335.74274pt x 191.20212pt>
File: graphs/File_repeat_count-eps.pdf Graphic file (type pdf)
<use graphs/File_repeat_count-eps.pdf>
Package pdftex.def Info: graphs/File_repeat_count-eps.pdf  used on input line 1
6.
(pdftex.def)             Requested size: 177.06458pt x 100.83774pt.
<graphs/dedup-ratio-grow.pdf, id=159, 274.29378pt x 196.53024pt>
File: graphs/dedup-ratio-grow.pdf Graphic file (type pdf)
<use graphs/dedup-ratio-grow.pdf>
Package pdftex.def Info: graphs/dedup-ratio-grow.pdf  used on input line 25.
(pdftex.def)             Requested size: 177.06458pt x 126.87048pt.
)
Underfull \hbox (badness 2020) in paragraph at lines 163--169
[]\OT1/ptm/m/n/10 We also an-a-lyze 5 fre-quently re-peated files which
 []


Underfull \hbox (badness 10000) in paragraph at lines 163--169
\OT1/ptm/m/n/10 re-peat 3,338,145 -- 11,847,356 times. Specif-i-cally,
 []


Underfull \hbox (badness 10000) in paragraph at lines 163--169
\OT1/ptm/m/n/10 two files \OT1/pcr/m/n/10 libkrb5-3:amd64.postrm \OT1/ptm/m/n/1
0 and
 []


Underfull \hbox (badness 10000) in paragraph at lines 163--169
\OT1/pcr/m/n/10 libkrb5-3:amd64.postinst \OT1/ptm/m/n/10 are two Ker-ber-os
 []

[3 <./graphs/shared-cnt-cdf.pdf> <./graphs/layer-size-cdf.pdf> <./graphs/file-c
nt-cdf.pdf> <./graphs/image-size-cdf.pdf>]
<graphs/layer-dup-ratio-cdf.pdf, id=187, 285.72876pt x 202.50055pt>
File: graphs/layer-dup-ratio-cdf.pdf Graphic file (type pdf)
<use graphs/layer-dup-ratio-cdf.pdf>
Package pdftex.def Info: graphs/layer-dup-ratio-cdf.pdf  used on input line 210
.
(pdftex.def)             Requested size: 161.8885pt x 114.73436pt.
<graphs/image-dup-ratio-pdf.pdf, id=188, 288.74002pt x 204.75899pt>
File: graphs/image-dup-ratio-pdf.pdf Graphic file (type pdf)
<use graphs/image-dup-ratio-pdf.pdf>
Package pdftex.def Info: graphs/image-dup-ratio-pdf.pdf  used on input line 213
.
(pdftex.def)             Requested size: 161.8885pt x 114.80171pt.
) (./dedup_types.tex
(./fig-dedup-overall.tex
<graphs/dedup-overall.pdf, id=191, 520.99342pt x 191.26056pt>
File: graphs/dedup-overall.pdf Graphic file (type pdf)
<use graphs/dedup-overall.pdf>
Package pdftex.def Info: graphs/dedup-overall.pdf  used on input line 3.
(pdftex.def)             Requested size: 252.94499pt x 92.85756pt.

Overfull \hbox (9.03374pt too wide) in paragraph at lines 3--13
 [][] 
 []

) [4 <./graphs/File_repeat_count-eps.pdf> <./graphs/dedup-ratio-grow.pdf> <./gr
aphs/layer-dup-ratio-cdf.pdf> <./graphs/image-dup-ratio-pdf.pdf> <./graphs/dedu
p-overall.pdf>]
Underfull \hbox (badness 1377) in paragraph at lines 51--98
[]\OT1/ptm/m/n/10 We found that re-dun-dant C/C++ source code takes
 []


Underfull \hbox (badness 3872) in paragraph at lines 99--137
\OT1/ptm/m/n/10 changes, has 521,611 copies and \OT1/pcr/m/n/10 pwunconv.8.gz\O
T1/ptm/m/n/10 ,
 []


Underfull \hbox (badness 1838) in paragraph at lines 99--137
\OT1/ptm/m/n/10 There are two files that have around 87,000 copies:
 []


Underfull \hbox (badness 10000) in paragraph at lines 99--137
\OT1/pcr/m/n/10 ubuntu_dists_trusty_universe_Sources.gz
 []


Underfull \hbox (badness 1888) in paragraph at lines 99--137
\OT1/ptm/m/n/10 in-stalled pack-ages for the dis-tri-bu-tions. The last file,
 []

)) (./design-and-eval.tex (./dedup_design.tex)
(./dedup_simulation_performance.tex (./fig_dedup_res.tex
<graphs/res-time.pdf, id=259, 469.20695pt x 198.78868pt>
File: graphs/res-time.pdf Graphic file (type pdf)
<use graphs/res-time.pdf>
Package pdftex.def Info: graphs/res-time.pdf  used on input line 3.
(pdftex.def)             Requested size: 252.94499pt x 107.16531pt.

Overfull \hbox (9.03374pt too wide) in paragraph at lines 3--4
 [][] 
 []

) [5]) (./dedup_suggestions.tex
<graphs/pull-cnt.pdf, id=287, 520.32895pt x 215.34955pt>
File: graphs/pull-cnt.pdf Graphic file (type pdf)
<use graphs/pull-cnt.pdf>
Package pdftex.def Info: graphs/pull-cnt.pdf  used on input line 5.
(pdftex.def)             Requested size: 202.3529pt x 83.74939pt.
 [6 <./graphs/res-time.pdf> <./graphs/pull-cnt.pdf>])) (./relatedwork.tex) (./c
onclusion.tex) (./bare_conf.bbl
Underfull \hbox (badness 10000) in paragraph at lines 50--51
[]\OT1/ptm/m/n/9 ``hdfs,'' [][]$https : / / hadoop . apache . org / docs / r1 .
 2 . 1 / hdfs[]design .
 []


Underfull \hbox (badness 10000) in paragraph at lines 59--60
[]\OT1/ptm/m/n/9 ``Dockerfile,'' [][]$https : / / docs . docker . com / engine 
/ reference /
 []


Underfull \hbox (badness 10000) in paragraph at lines 78--80
[]\OT1/ptm/m/n/9 ``xnu-chroot-environment,'' [][]$https : / / github . com / wi
nocm /
 []

[7]
Underfull \hbox (badness 1735) in paragraph at lines 139--142
[]\OT1/ptm/m/n/9 M. Lil-lib-ridge, K. Es-hghi, D. Bhag-wat, V. De-o-la-likar,
 []

)

** Conference Paper **
Before submitting the final camera ready copy, remember to:

 1. Manually equalize the lengths of two columns on the last page
 of your paper;

 2. Ensure that any PostScript and/or PDF output post-processing
 uses only Type 1 fonts and that every step in the generation
 process uses the appropriate paper size.

Package atveryend Info: Empty hook `BeforeClearDocument' on input line 196.
[8]
Package atveryend Info: Empty hook `AfterLastShipout' on input line 196.
 (./bare_conf.aux)
Package atveryend Info: Executing hook `AtVeryEndDocument' on input line 196.
Package atveryend Info: Executing hook `AtEndAfterFileList' on input line 196.
Package rerunfilecheck Info: File `bare_conf.out' has not changed.
(rerunfilecheck)             Checksum: B9D7E91D19763B4B2279CB5AE62A3239;757.
Package atveryend Info: Empty hook `AtVeryVeryEnd' on input line 196.
 ) 
Here is how much of TeX's memory you used:
 6941 strings out of 492649
 105472 string characters out of 6129622
 203680 words of memory out of 5000000
 10579 multiletter control sequences out of 15000+600000
 45459 words of font info for 96 fonts, out of 8000000 for 9000
 1141 hyphenation exceptions out of 8191
 28i,9n,35p,494b,454s stack positions out of 5000i,500n,10000p,200000b,80000s
{/usr/local/texlive/2018/texmf-dist/fonts/enc/dvips/base/8r.enc}</usr/local/t
exlive/2018/texmf-dist/fonts/type1/public/amsfonts/cm/cmmi10.pfb></usr/local/te
xlive/2018/texmf-dist/fonts/type1/public/amsfonts/cm/cmsy10.pfb></usr/local/tex
live/2018/texmf-dist/fonts/type1/urw/courier/ucrr8a.pfb></usr/local/texlive/201
8/texmf-dist/fonts/type1/urw/times/utmb8a.pfb></usr/local/texlive/2018/texmf-di
st/fonts/type1/urw/times/utmbi8a.pfb></usr/local/texlive/2018/texmf-dist/fonts/
type1/urw/times/utmr8a.pfb></usr/local/texlive/2018/texmf-dist/fonts/type1/urw/
times/utmri8a.pfb>
Output written on bare_conf.pdf (8 pages, 338649 bytes).
PDF statistics:
 447 PDF objects out of 1000 (max. 8388607)
 371 compressed objects within 4 object streams
 105 named destinations out of 1000 (max. 500000)
 165 words of extra memory for PDF output out of 10000 (max. 10000000)

