This is pdfTeX, Version 3.14159265-2.6-1.40.17 (TeX Live 2016) (preloaded format=pdflatex 2016.5.22)  9 MAR 2019 20:28
entering extended mode
 restricted \write18 enabled.
 %&-line parsing enabled.
**paper.tex
(./paper.tex
LaTeX2e <2016/03/31>
Babel <3.9r> and hyphenation patterns for 83 language(s) loaded.
(./usetex-v1-tight.cls
Document Class: usetex-v1-tight 2002/10/31 v1.2 usetex Usenix article class
(/usr/local/texlive/2016/texmf-dist/tex/latex/base/article.cls
Document Class: article 2014/09/29 v1.4h Standard LaTeX document class
(/usr/local/texlive/2016/texmf-dist/tex/latex/base/size10.clo
File: size10.clo 2014/09/29 v1.4h Standard LaTeX file (size option)
)
\c@part=\count79
\c@section=\count80
\c@subsection=\count81
\c@subsubsection=\count82
\c@paragraph=\count83
\c@subparagraph=\count84
\c@figure=\count85
\c@table=\count86
\abovecaptionskip=\skip41
\belowcaptionskip=\skip42
\bibindent=\dimen102
)
(/usr/local/texlive/2016/texmf-dist/tex/latex/graphics/color.sty
Package: color 2016/05/09 v1.1c Standard LaTeX Color (DPC)

(/usr/local/texlive/2016/texmf-dist/tex/latex/graphics-cfg/color.cfg
File: color.cfg 2016/01/02 v1.6 sample color configuration
)
Package color Info: Driver file: pdftex.def on input line 144.

(/usr/local/texlive/2016/texmf-dist/tex/latex/pdftex-def/pdftex.def
File: pdftex.def 2011/05/27 v0.06d Graphics/color for pdfTeX

(/usr/local/texlive/2016/texmf-dist/tex/generic/oberdiek/infwarerr.sty
Package: infwarerr 2016/05/16 v1.4 Providing info/warning/error messages (HO)
)
(/usr/local/texlive/2016/texmf-dist/tex/generic/oberdiek/ltxcmds.sty
Package: ltxcmds 2016/05/16 v1.23 LaTeX kernel commands for general use (HO)
)
\Gread@gobject=\count87
))
\@discard=\box26

(/usr/local/texlive/2016/texmf-dist/tex/latex/psnfss/times.sty
Package: times 2005/04/12 PSNFSS-v9.2a (SPQR) 
)
\@sectionaboveskip=\skip43
\@sectionbelowskip=\skip44
\@subsectionaboveskip=\skip45
)
(/usr/local/texlive/2016/texmf-dist/tex/latex/xcolor/xcolor.sty
Package: xcolor 2016/05/11 v2.12 LaTeX color extensions (UK)

(/usr/local/texlive/2016/texmf-dist/tex/latex/graphics-cfg/color.cfg
File: color.cfg 2016/01/02 v1.6 sample color configuration
)
Package xcolor Info: Driver file: pdftex.def on input line 225.
LaTeX Info: Redefining \color on input line 709.
Package xcolor Info: Model `cmy' substituted by `cmy0' on input line 1348.
Package xcolor Info: Model `hsb' substituted by `rgb' on input line 1352.
Package xcolor Info: Model `RGB' extended on input line 1364.
Package xcolor Info: Model `HTML' substituted by `rgb' on input line 1366.
Package xcolor Info: Model `Hsb' substituted by `hsb' on input line 1367.
Package xcolor Info: Model `tHsb' substituted by `hsb' on input line 1368.
Package xcolor Info: Model `HSB' substituted by `hsb' on input line 1369.
Package xcolor Info: Model `Gray' substituted by `gray' on input line 1370.
Package xcolor Info: Model `wave' substituted by `hsb' on input line 1371.
)
(/usr/local/texlive/2016/texmf-dist/tex/latex/tools/enumerate.sty
Package: enumerate 2015/07/23 v3.00 enumerate extensions (DPC)
\@enLab=\toks14
)
(/usr/local/texlive/2016/texmf-dist/tex/latex/enumitem/enumitem.sty
Package: enumitem 2011/09/28 v3.5.2 Customized lists
\enitkv@toks@=\toks15
\labelindent=\skip46
\enit@outerparindent=\dimen103
\enit@toks=\toks16
\enit@inbox=\box27
\enitdp@description=\count88
)
(/usr/local/texlive/2016/texmf-dist/tex/latex/amsfonts/amssymb.sty
Package: amssymb 2013/01/14 v3.01 AMS font symbols

(/usr/local/texlive/2016/texmf-dist/tex/latex/amsfonts/amsfonts.sty
Package: amsfonts 2013/01/14 v3.01 Basic AMSFonts support
\@emptytoks=\toks17
\symAMSa=\mathgroup4
\symAMSb=\mathgroup5
LaTeX Font Info:    Overwriting math alphabet `\mathfrak' in version `bold'
(Font)                  U/euf/m/n --> U/euf/b/n on input line 106.
))
(/usr/local/texlive/2016/texmf-dist/tex/latex/graphics/graphicx.sty
Package: graphicx 2014/10/28 v1.0g Enhanced LaTeX Graphics (DPC,SPQR)

(/usr/local/texlive/2016/texmf-dist/tex/latex/graphics/keyval.sty
Package: keyval 2014/10/28 v1.15 key=value parser (DPC)
\KV@toks@=\toks18
)
(/usr/local/texlive/2016/texmf-dist/tex/latex/graphics/graphics.sty
Package: graphics 2016/05/09 v1.0r Standard LaTeX Graphics (DPC,SPQR)

(/usr/local/texlive/2016/texmf-dist/tex/latex/graphics/trig.sty
Package: trig 2016/01/03 v1.10 sin cos tan (DPC)
)
(/usr/local/texlive/2016/texmf-dist/tex/latex/graphics-cfg/graphics.cfg
File: graphics.cfg 2016/01/02 v1.10 sample graphics configuration
)
Package graphics Info: Driver file: pdftex.def on input line 96.
)
\Gin@req@height=\dimen104
\Gin@req@width=\dimen105
)
(/usr/local/texlive/2016/texmf-dist/tex/latex/subfigure/subfigure.sty
Package: subfigure 2002/03/15 v2.1.5 subfigure package
\subfigtopskip=\skip47
\subfigcapskip=\skip48
\subfigcaptopadj=\dimen106
\subfigbottomskip=\skip49
\subfigcapmargin=\dimen107
\subfiglabelskip=\skip50
\c@subfigure=\count89
\c@lofdepth=\count90
\c@subtable=\count91
\c@lotdepth=\count92

****************************************
* Local config file subfigure.cfg used *
****************************************
(/usr/local/texlive/2016/texmf-dist/tex/latex/subfigure/subfigure.cfg)
\subfig@top=\skip51
\subfig@bottom=\skip52
)
(/usr/local/texlive/2016/texmf-dist/tex/latex/url/url.sty
\Urlmuskip=\muskip10
Package: url 2013/09/16  ver 3.4  Verb mode for urls, etc.
)
(/usr/local/texlive/2016/texmf-dist/tex/latex/tools/xspace.sty
Package: xspace 2014/10/28 v1.13 Space after command names (DPC,MH)
)
(/usr/local/texlive/2016/texmf-dist/tex/latex/hyperref/hyperref.sty
Package: hyperref 2016/05/05 v6.83n Hypertext links for LaTeX

(/usr/local/texlive/2016/texmf-dist/tex/generic/oberdiek/hobsub-hyperref.sty
Package: hobsub-hyperref 2016/05/16 v1.14 Bundle oberdiek, subset hyperref (HO)


(/usr/local/texlive/2016/texmf-dist/tex/generic/oberdiek/hobsub-generic.sty
Package: hobsub-generic 2016/05/16 v1.14 Bundle oberdiek, subset generic (HO)
Package: hobsub 2016/05/16 v1.14 Construct package bundles (HO)
Package hobsub Info: Skipping package `infwarerr' (already loaded).
Package hobsub Info: Skipping package `ltxcmds' (already loaded).
Package: ifluatex 2016/05/16 v1.4 Provides the ifluatex switch (HO)
Package ifluatex Info: LuaTeX not detected.
Package: ifvtex 2016/05/16 v1.6 Detect VTeX and its facilities (HO)
Package ifvtex Info: VTeX not detected.
Package: intcalc 2016/05/16 v1.2 Expandable calculations with integers (HO)
Package: ifpdf 2016/05/14 v3.1 Provides the ifpdf switch
Package: etexcmds 2016/05/16 v1.6 Avoid name clashes with e-TeX commands (HO)
Package etexcmds Info: Could not find \expanded.
(etexcmds)             That can mean that you are not using pdfTeX 1.50 or
(etexcmds)             that some package has redefined \expanded.
(etexcmds)             In the latter case, load this package earlier.
Package: kvsetkeys 2016/05/16 v1.17 Key value parser (HO)
Package: kvdefinekeys 2016/05/16 v1.4 Define keys (HO)
Package: pdftexcmds 2016/05/10 v0.21 Utility functions of pdfTeX for LuaTeX (HO
)
Package pdftexcmds Info: LuaTeX not detected.
Package pdftexcmds Info: \pdf@primitive is available.
Package pdftexcmds Info: \pdf@ifprimitive is available.
Package pdftexcmds Info: \pdfdraftmode found.
Package: pdfescape 2016/05/16 v1.14 Implements pdfTeX's escape features (HO)
Package: bigintcalc 2016/05/16 v1.4 Expandable calculations on big integers (HO
)
Package: bitset 2016/05/16 v1.2 Handle bit-vector datatype (HO)
Package: uniquecounter 2016/05/16 v1.3 Provide unlimited unique counter (HO)
)
Package hobsub Info: Skipping package `hobsub' (already loaded).
Package: letltxmacro 2016/05/16 v1.5 Let assignment for LaTeX macros (HO)
Package: hopatch 2016/05/16 v1.3 Wrapper for package hooks (HO)
Package: xcolor-patch 2016/05/16 xcolor patch
Package: atveryend 2016/05/16 v1.9 Hooks at the very end of document (HO)
Package atveryend Info: \enddocument detected (standard20110627).
Package: atbegshi 2016/05/16 v1.17 At begin shipout hook (HO)
Package: refcount 2016/05/16 v3.5 Data extraction from label references (HO)
Package: hycolor 2016/05/16 v1.8 Color options for hyperref/bookmark (HO)
)
(/usr/local/texlive/2016/texmf-dist/tex/generic/ifxetex/ifxetex.sty
Package: ifxetex 2010/09/12 v0.6 Provides ifxetex conditional
)
(/usr/local/texlive/2016/texmf-dist/tex/latex/oberdiek/auxhook.sty
Package: auxhook 2016/05/16 v1.4 Hooks for auxiliary files (HO)
)
(/usr/local/texlive/2016/texmf-dist/tex/latex/oberdiek/kvoptions.sty
Package: kvoptions 2016/05/16 v3.12 Key value format for package options (HO)
)
\@linkdim=\dimen108
\Hy@linkcounter=\count93
\Hy@pagecounter=\count94

(/usr/local/texlive/2016/texmf-dist/tex/latex/hyperref/pd1enc.def
File: pd1enc.def 2016/05/05 v6.83n Hyperref: PDFDocEncoding definition (HO)
)
\Hy@SavedSpaceFactor=\count95

(/usr/local/texlive/2016/texmf-dist/tex/latex/latexconfig/hyperref.cfg
File: hyperref.cfg 2002/06/06 v1.2 hyperref configuration of TeXLive
)
Package hyperref Info: Option `hyperfootnotes' set `false' on input line 4322.
Package hyperref Info: Option `breaklinks' set `true' on input line 4322.
Package hyperref Info: Hyper figures OFF on input line 4446.
Package hyperref Info: Link nesting OFF on input line 4451.
Package hyperref Info: Hyper index ON on input line 4454.
Package hyperref Info: Plain pages OFF on input line 4461.
Package hyperref Info: Backreferencing OFF on input line 4466.
Package hyperref Info: Implicit mode ON; LaTeX internals redefined.
Package hyperref Info: Bookmarks ON on input line 4691.
\c@Hy@tempcnt=\count96
LaTeX Info: Redefining \url on input line 5044.
\XeTeXLinkMargin=\dimen109
\Fld@menulength=\count97
\Field@Width=\dimen110
\Fld@charsize=\dimen111
Package hyperref Info: Hyper figures OFF on input line 6298.
Package hyperref Info: Link nesting OFF on input line 6303.
Package hyperref Info: Hyper index ON on input line 6306.
Package hyperref Info: backreferencing OFF on input line 6313.
Package hyperref Info: Link coloring OFF on input line 6318.
Package hyperref Info: Link coloring with OCG OFF on input line 6323.
Package hyperref Info: PDF/A mode OFF on input line 6328.
LaTeX Info: Redefining \ref on input line 6368.
LaTeX Info: Redefining \pageref on input line 6372.
\Hy@abspage=\count98
\c@Item=\count99
)

Package hyperref Message: Driver (autodetected): hpdftex.

(/usr/local/texlive/2016/texmf-dist/tex/latex/hyperref/hpdftex.def
File: hpdftex.def 2016/05/05 v6.83n Hyperref driver for pdfTeX
\Fld@listcount=\count100
\c@bookmark@seq@number=\count101

(/usr/local/texlive/2016/texmf-dist/tex/latex/oberdiek/rerunfilecheck.sty
Package: rerunfilecheck 2016/05/16 v1.8 Rerun checks for auxiliary files (HO)
Package uniquecounter Info: New unique counter `rerunfilecheck' on input line 2
82.
)
\Hy@SectionHShift=\skip53
)
Package hyperref Info: Option `colorlinks' set `true' on input line 39.

(/usr/local/texlive/2016/texmf-dist/tex/latex/algorithm2e/algorithm2e.sty
Package: algorithm2e 2013/01/06 v5.00 algorithms environments
\c@AlgoLine=\count102

(/usr/local/texlive/2016/texmf-dist/tex/latex/base/ifthen.sty
Package: ifthen 2014/09/29 v1.1c Standard LaTeX ifthen package (DPC)
)
\algocf@hangindent=\skip54

(/usr/local/texlive/2016/texmf-dist/tex/latex/relsize/relsize.sty
Package: relsize 2013/03/29 ver 4.1
)
********************************************************
Package `algorithm2e' Release 5.1 -- october 19 2015 --
- algorithm2e-announce@lirmm.fr mailing list for announcement about releases
- algorithm2e-discussion@lirmm.fr mailing list for discussion about package
subscribe by emailing sympa@lirmm.fr with 'subscribe <list> <firstname name>'
- Author: Christophe Fiorio (christophe.fiorio@umontpellier.fr)
********************************************************
\skiptotal=\skip55
\skiplinenumber=\skip56
\skiprule=\skip57
\skiphlne=\skip58
\skiptext=\skip59
\skiplength=\skip60
\algomargin=\skip61
\skipalgocfslide=\skip62
\algowidth=\dimen112
\inoutsize=\dimen113
\inoutindent=\dimen114
\interspacetitleruled=\dimen115
\interspacealgoruled=\dimen116
\interspacetitleboxruled=\dimen117
\algocf@ruledwidth=\skip63
\algocf@inoutbox=\box28
\algocf@inputbox=\box29
\AlCapSkip=\skip64
\AlCapHSkip=\skip65
\algoskipindent=\skip66
\algocf@nlbox=\box30
\algocf@hangingbox=\box31
\algocf@untilbox=\box32
\algocf@skipuntil=\skip67
\algocf@capbox=\box33
\algoheightruledefault=\skip68
\algoheightrule=\skip69
\algotitleheightruledefault=\skip70
\algotitleheightrule=\skip71
\c@algocfline=\count103
\c@algocfproc=\count104
\c@algocf=\count105
\algocf@algoframe=\box34
\algocf@algobox=\box35
) (/usr/local/texlive/2016/texmf-dist/tex/latex/algorithms/algorithmic.sty
Package: algorithmic 2009/08/24 v0.1 Document Style `algorithmic'
\c@ALC@unique=\count106
\c@ALC@line=\count107
\c@ALC@rem=\count108
\c@ALC@depth=\count109
\ALC@tlm=\skip72
\algorithmicindent=\skip73
)
(/usr/local/texlive/2016/texmf-dist/tex/latex/cleveref/cleveref.sty
Package: cleveref 2013/12/28 v0.19 Intelligent cross-referencing
Package cleveref Info: `hyperref' support loaded on input line 2230.
LaTeX Info: Redefining \cref on input line 2230.
LaTeX Info: Redefining \Cref on input line 2230.
LaTeX Info: Redefining \crefrange on input line 2230.
LaTeX Info: Redefining \Crefrange on input line 2230.
LaTeX Info: Redefining \cpageref on input line 2230.
LaTeX Info: Redefining \Cpageref on input line 2230.
LaTeX Info: Redefining \cpagerefrange on input line 2230.
LaTeX Info: Redefining \Cpagerefrange on input line 2230.
LaTeX Info: Redefining \labelcref on input line 2230.
LaTeX Info: Redefining \labelcpageref on input line 2230.
Package cleveref Info: `algorithm2e' support loaded on input line 2966.
)
\gapspace=\skip74

(./paper.aux

LaTeX Warning: Label `sec:background' multiply defined.


LaTeX Warning: Label `sec:background@cref' multiply defined.

)
\openout1 = `paper.aux'.

LaTeX Font Info:    Checking defaults for OML/cmm/m/it on input line 75.
LaTeX Font Info:    ... okay on input line 75.
LaTeX Font Info:    Checking defaults for T1/cmr/m/n on input line 75.
LaTeX Font Info:    ... okay on input line 75.
LaTeX Font Info:    Checking defaults for OT1/cmr/m/n on input line 75.
LaTeX Font Info:    ... okay on input line 75.
LaTeX Font Info:    Checking defaults for OMS/cmsy/m/n on input line 75.
LaTeX Font Info:    ... okay on input line 75.
LaTeX Font Info:    Checking defaults for OMX/cmex/m/n on input line 75.
LaTeX Font Info:    ... okay on input line 75.
LaTeX Font Info:    Checking defaults for U/cmr/m/n on input line 75.
LaTeX Font Info:    ... okay on input line 75.
LaTeX Font Info:    Checking defaults for PD1/pdf/m/n on input line 75.
LaTeX Font Info:    ... okay on input line 75.
LaTeX Font Info:    Try loading font information for OT1+ptm on input line 75.
 (/usr/local/texlive/2016/texmf-dist/tex/latex/psnfss/ot1ptm.fd
File: ot1ptm.fd 2001/06/04 font definitions for OT1/ptm.
)
(/usr/local/texlive/2016/texmf-dist/tex/context/base/mkii/supp-pdf.mkii
[Loading MPS to PDF converter (version 2006.09.02).]
\scratchcounter=\count110
\scratchdimen=\dimen118
\scratchbox=\box36
\nofMPsegments=\count111
\nofMParguments=\count112
\everyMPshowfont=\toks19
\MPscratchCnt=\count113
\MPscratchDim=\dimen119
\MPnumerator=\count114
\makeMPintoPDFobject=\count115
\everyMPtoPDFconversion=\toks20
) (/usr/local/texlive/2016/texmf-dist/tex/latex/oberdiek/epstopdf-base.sty
Package: epstopdf-base 2016/05/15 v2.6 Base part for package epstopdf

(/usr/local/texlive/2016/texmf-dist/tex/latex/oberdiek/grfext.sty
Package: grfext 2016/05/16 v1.2 Manage graphics extensions (HO)
)
Package grfext Info: Graphics extension search list:
(grfext)             [.png,.pdf,.jpg,.mps,.jpeg,.jbig2,.jb2,.PNG,.PDF,.JPG,.JPE
G,.JBIG2,.JB2,.eps]
(grfext)             \AppendGraphicsExtensions on input line 456.

(/usr/local/texlive/2016/texmf-dist/tex/latex/latexconfig/epstopdf-sys.cfg
File: epstopdf-sys.cfg 2010/07/13 v1.3 Configuration of (r)epstopdf for TeX Liv
e
))
\AtBeginShipoutBox=\box37
Package hyperref Info: Link coloring ON on input line 75.

(/usr/local/texlive/2016/texmf-dist/tex/latex/hyperref/nameref.sty
Package: nameref 2012/10/27 v2.43 Cross-referencing by name of section

(/usr/local/texlive/2016/texmf-dist/tex/generic/oberdiek/gettitlestring.sty
Package: gettitlestring 2016/05/16 v1.5 Cleanup title references (HO)
)
\c@section@level=\count116
)
LaTeX Info: Redefining \ref on input line 75.
LaTeX Info: Redefining \pageref on input line 75.
LaTeX Info: Redefining \nameref on input line 75.

(./paper.out) (./paper.out)
\@outlinefile=\write3
\openout3 = `paper.out'.

LaTeX Font Info:    Font shape `OT1/ptm/bx/n' in size <14.4> not available
(Font)              Font shape `OT1/ptm/b/n' tried instead on input line 106.
LaTeX Font Info:    Try loading font information for U+msa on input line 106.

(/usr/local/texlive/2016/texmf-dist/tex/latex/amsfonts/umsa.fd
File: umsa.fd 2013/01/14 v3.01 AMS symbols A
)
LaTeX Font Info:    Try loading font information for U+msb on input line 106.

(/usr/local/texlive/2016/texmf-dist/tex/latex/amsfonts/umsb.fd
File: umsb.fd 2013/01/14 v3.01 AMS symbols B
) (./abstract.tex
LaTeX Font Info:    Font shape `OT1/ptm/bx/n' in size <12> not available
(Font)              Font shape `OT1/ptm/b/n' tried instead on input line 1.
) (./intro.tex
LaTeX Font Info:    Font shape `OT1/ptm/bx/n' in size <10> not available
(Font)              Font shape `OT1/ptm/b/n' tried instead on input line 37.
 (./fig-nodedupvsdedup.tex
<graphs/nodedup.png, id=63, 595.22375pt x 433.62pt>
File: graphs/nodedup.png Graphic file (type png)
 <use graphs/nodedup.png>
Package pdftex.def Info: graphs/nodedup.png used on input line 5.
(pdftex.def)             Requested size: 104.88463pt x 76.40733pt.

<graphs/dedup.png, id=65, 597.23125pt x 439.6425pt>
File: graphs/dedup.png Graphic file (type png)
 <use graphs/dedup.png>
Package pdftex.def Info: graphs/dedup.png used on input line 11.
(pdftex.def)             Requested size: 104.88463pt x 77.20692pt.
)
[1{/usr/local/texlive/2016/texmf-var/fonts/map/pdftex/updmap/pdftex.map}


 <./graphs/nodedup.png> <./graphs/dedup.png>]

LaTeX Warning: Reference `sec:observation' on page 2 undefined on input line 44
.


LaTeX Warning: Reference `sec:dedup-analysis' on page 2 undefined on input line
 46.


LaTeX Warning: Reference `sec:Sift' on page 2 undefined on input line 46.

) (./background.tex
LaTeX Font Info:    Try loading font information for OT1+pcr on input line 22.

(/usr/local/texlive/2016/texmf-dist/tex/latex/psnfss/ot1pcr.fd
File: ot1pcr.fd 2001/06/04 font definitions for OT1/pcr.
)
Underfull \hbox (badness 1430) in paragraph at lines 25--25
[]\OT1/ptm/b/n/12 Docker reg-istry and back-end cloud
 []


LaTeX Warning: Citation `xxxx' on page 2 undefined on input line 37.


LaTeX Warning: Citation `xxx' on page 2 undefined on input line 37.


LaTeX Warning: Citation `xxxx' on page 2 undefined on input line 37.


LaTeX Warning: Citation `xxx' on page 2 undefined on input line 37.

(./observation.tex

LaTeX Warning: Citation `storreduce_purestorage' on page 2 undefined on input l
ine 38.


LaTeX Warning: Citation `xxx' on page 2 undefined on input line 41.


LaTeX Warning: Citation `xxx' on page 2 undefined on input line 41.


Underfull \hbox (badness 6927) in paragraph at lines 37--43
 []\OT1/ptm/b/n/10 Deduplication for Docker reg-istries?.[] \OT1/ptm/m/n/10 On-
cloud
 []


Underfull \hbox (badness 1048) in paragraph at lines 37--43
\OT1/ptm/m/n/10 global dedu-pli-ca-tion soft-ware is widely adopted by
 []


LaTeX Warning: Citation `xxx' on page 2 undefined on input line 71.

[2]) (./observation-traces.tex (./fig-skewness-reusetime.tex
Package epstopdf Info: Source file: <graphs/skewness_cdf.eps>
(epstopdf)                    date: 2019-03-09 14:01:34
(epstopdf)                    size: 48166 bytes
(epstopdf)             Output file: <graphs/skewness_cdf-eps-converted-to.pdf>
(epstopdf)                    date: 2019-03-09 14:01:34
(epstopdf)                    size: 22120 bytes
(epstopdf)             Command: <repstopdf --outfile=graphs/skewness_cdf-eps-co
nverted-to.pdf graphs/skewness_cdf.eps>
(epstopdf)             \includegraphics on input line 5.
Package epstopdf Info: Output file is already uptodate.

<graphs/skewness_cdf-eps-converted-to.pdf, id=101, 412.97435pt x 331.58083pt>
File: graphs/skewness_cdf-eps-converted-to.pdf Graphic file (type pdf)

<use graphs/skewness_cdf-eps-converted-to.pdf>
Package pdftex.def Info: graphs/skewness_cdf-eps-converted-to.pdf used on input
 line 5.
(pdftex.def)             Requested size: 104.88463pt x 84.21046pt.
Package epstopdf Info: Source file: <graphs/reuse_time.eps>
(epstopdf)                    date: 2019-03-09 14:01:34
(epstopdf)                    size: 74192 bytes
(epstopdf)             Output file: <graphs/reuse_time-eps-converted-to.pdf>
(epstopdf)                    date: 2019-03-09 14:01:34
(epstopdf)                    size: 89449 bytes
(epstopdf)             Command: <repstopdf --outfile=graphs/reuse_time-eps-conv
erted-to.pdf graphs/reuse_time.eps>
(epstopdf)             \includegraphics on input line 11.
Package epstopdf Info: Output file is already uptodate.

<graphs/reuse_time-eps-converted-to.pdf, id=102, 419.21498pt x 332.5986pt>
File: graphs/reuse_time-eps-converted-to.pdf Graphic file (type pdf)

<use graphs/reuse_time-eps-converted-to.pdf>
Package pdftex.def Info: graphs/reuse_time-eps-converted-to.pdf used on input l
ine 11.
(pdftex.def)             Requested size: 104.88463pt x 83.21034pt.
))) (./design-and-eval.tex
(./dedup_design.tex
Underfull \hbox (badness 10000) in paragraph at lines 1--1
[]\OT1/ptm/b/n/12 Integrating dedu-pli-ca-tion, caching,
 []

(./fig-sys-overview.tex
<graphs/sys-architecture.png, id=106, 730.73pt x 564.1075pt>
File: graphs/sys-architecture.png Graphic file (type png)

<use graphs/sys-architecture.png>
Package pdftex.def Info: graphs/sys-architecture.png used on input line 5.
(pdftex.def)             Requested size: 233.07063pt x 179.92416pt.

Overfull \hbox (9.03375pt too wide) in paragraph at lines 5--6
 [][] 
 []

)
Missing character: There is no Â in font ptmr7t!
Missing character: There is no § in font ptmr7t!
Missing character: There is no Â in font ptmr7t!
Missing character: There is no § in font ptmr7t!
 [3 <./graphs/skewness_cdf-eps-converted-to.pdf> <./graphs/reuse_time-eps-conve
rted-to.pdf> <./graphs/sys-architecture.png>]
Missing character: There is no Â in font ptmr7t!
Missing character: There is no § in font ptmr7t!
Missing character: There is no Â in font ptmr7t!
Missing character: There is no § in font ptmr7t!
) (./dedup_operations.tex
[4]
Missing character: There is no Â in font ptmr7t!
Missing character: There is no § in font ptmr7t!


LaTeX Warning: Citation `gfs' on page 5 undefined on input line 129.


LaTeX Warning: Citation `s3' on page 5 undefined on input line 129.


LaTeX Warning: Citation `swift' on page 5 undefined on input line 129.

) (./dedup_algori.tex (./cache_algori.tex)

LaTeX Warning: Reference `xxx' on page 5 undefined on input line 7.

Missing character: There is no Â in font ptmr7t!
Missing character: There is no § in font ptmr7t!

Underfull \hbox (badness 4291) in paragraph at lines 16--25
[]\OT1/ptm/m/n/10 Free space in the layer buffer is too low if
 []

[5])) (./dedup_simulation_performance.tex (./fig_dedup_res.tex
<graphs/res-time.pdf, id=191, 469.20695pt x 198.78868pt>
File: graphs/res-time.pdf Graphic file (type pdf)

<use graphs/res-time.pdf>
Package pdftex.def Info: graphs/res-time.pdf used on input line 3.
(pdftex.def)             Requested size: 223.7458pt x 94.79262pt.
)
Underfull \hbox (badness 1997) in paragraph at lines 116--133
\OT1/pcr/m/n/10 push \OT1/ptm/m/n/10 re-quests be-cause dedu-pli-ca-tion is per
-formed
 []


LaTeX Warning: Reference `fig:layer-size-cdf' on page 6 undefined on input line
 216.

) (./dedup_suggestions.tex) (./relatedwork.tex
Underfull \vbox (badness 7888) has occurred while \output is active []

 [6 <./graphs/res-time.pdf>]) (./conclusion.tex) (./paper.bbl
Underfull \hbox (badness 10000) in paragraph at lines 20--22
[]\OT1/ptm/m/n/8 Dockerfile.  [][]$\OT1/pcr/m/n/8 https : / / docs . docker . c
om / engine /
 []


Underfull \hbox (badness 10000) in paragraph at lines 32--34
[]\OT1/ptm/m/n/8 go-ethereum.  [][]$\OT1/pcr/m/n/8 https : / / github . com / e
thereum /
 []


Underfull \hbox (badness 10000) in paragraph at lines 40--42
[]\OT1/ptm/m/n/8 Google test.  [][]$\OT1/pcr/m/n/8 https : / / github . com / g
oogle /
 []


Underfull \hbox (badness 10000) in paragraph at lines 56--58
[]\OT1/ptm/m/n/8 python-magic.  [][]$\OT1/pcr/m/n/8 https : / / github . com / 
ahupp /
 []


Underfull \hbox (badness 10000) in paragraph at lines 72--75
[]\OT1/ptm/m/n/8 Using StorRe-duce for cloud-based data dedu-pli-ca-
 []


Underfull \hbox (badness 10000) in paragraph at lines 72--75
\OT1/ptm/m/n/8 tion.  [][]$\OT1/pcr/m/n/8 https : / / cloud . google . com / so
lutions /
 []


Underfull \hbox (badness 10000) in paragraph at lines 77--79
[]\OT1/ptm/m/n/8 xnu-chroot-environment.  [][]$\OT1/pcr/m/n/8 https : / / githu
b . com /
 []

[7])
Package atveryend Info: Empty hook `BeforeClearDocument' on input line 252.
 [8

]
Package atveryend Info: Empty hook `AfterLastShipout' on input line 252.
 (./paper.aux)
Package atveryend Info: Executing hook `AtVeryEndDocument' on input line 252.
Package atveryend Info: Executing hook `AtEndAfterFileList' on input line 252.
Package rerunfilecheck Info: File `paper.out' has not changed.
(rerunfilecheck)             Checksum: 6AE7386BFB284DE5AF7B72FC297E26E0;930.


LaTeX Warning: There were undefined references.


LaTeX Warning: There were multiply-defined labels.

Package atveryend Info: Empty hook `AtVeryVeryEnd' on input line 252.
 )
(\end occurred inside a group at level 1)

### simple group (level 1) entered at line 1061 ({)
### bottom level 
Here is how much of TeX's memory you used:
 9252 strings out of 493014
 148071 string characters out of 6133351
 273403 words of memory out of 5000000
 12521 multiletter control sequences out of 15000+600000
 30022 words of font info for 68 fonts, out of 8000000 for 9000
 1141 hyphenation exceptions out of 8191
 30i,19n,35p,640b,3043s stack positions out of 5000i,500n,10000p,200000b,80000s
{/usr/local/texlive/2016/texmf-dist/fonts/enc/dvips/base/8r.enc
}</usr/local/texlive/2016/texmf-dist/fonts/type1/public/amsfonts/cm/cmmi10.pfb>
</usr/local/texlive/2016/texmf-dist/fonts/type1/public/amsfonts/cm/cmmi7.pfb></
usr/local/texlive/2016/texmf-dist/fonts/type1/public/amsfonts/cm/cmr10.pfb></us
r/local/texlive/2016/texmf-dist/fonts/type1/public/amsfonts/cm/cmr8.pfb></usr/l
ocal/texlive/2016/texmf-dist/fonts/type1/public/amsfonts/cm/cmsy10.pfb></usr/lo
cal/texlive/2016/texmf-dist/fonts/type1/public/amsfonts/symbols/msam10.pfb></us
r/local/texlive/2016/texmf-dist/fonts/type1/urw/courier/ucrr8a.pfb></usr/local/
texlive/2016/texmf-dist/fonts/type1/urw/times/utmb8a.pfb></usr/local/texlive/20
16/texmf-dist/fonts/type1/urw/times/utmr8a.pfb></usr/local/texlive/2016/texmf-d
ist/fonts/type1/urw/times/utmri8a.pfb>
Output written on paper.pdf (8 pages, 597200 bytes).
PDF statistics:
 374 PDF objects out of 1000 (max. 8388607)
 333 compressed objects within 4 object streams
 102 named destinations out of 1000 (max. 500000)
 143 words of extra memory for PDF output out of 10000 (max. 10000000)

