 
 silverpeas
 convertigo
 hola-mundo
 flink
 known
 clearlinux
 swift
 sourcemage
 fsharp
 znc
 photon
 nats-streaming
 adminer
 spiped
 lightstreamer
 hipache
 mageia
 eggdrop
 rapidoid
 eclipse-mosquitto
 chronograf
 xwiki
 storm
 plone
 composer
 rakudo-star
 ibmjava
 gradle
 bonita
 gazebo
 piwik
 haskell
 ubuntu-upstart
 backdrop
 r-base
 groovy
 glassfish
 julia
 hello-seattle
 irssi
 celery
 bash
 aerospike
 mongo-express
 docker-dev
 clojure
 elixir
 neurodebian
 gcc
 tomee
 websphere-liberty
 orientdb
 couchdb
 zookeeper
 crate
 kong
 solr
 notary
 couchbase
 joomla
 rocket.chat
 rails
 mono
 pypy
 buildpack-deps
 jetty
 sonarqube
 oraclelinux
 django
 iojs
 redmine
 jruby
 vault
 influxdb
 drupal
 neo4j
 sentry
 ghost
 traefik
 rethinkdb
 maven
 cassandra
 fedora
 tomcat
 haproxy
 docker
 mariadb
 memcached
 rabbitmq
 java
 php
 python
 debian
 ruby
 wordpress
 httpd
 swarm
 node
 hello-world
 postgres
 logstash
 elasticsearch
 mongo
 alpine
 ubuntu
 redis
 nginx
